ERROR - 2024-07-25 14:59:40 --> mysqli_sql_exception: Duplicate entry '1' for key 'correo_electronico' in C:\xampp\htdocs\fs2024\ci4_hoteles\system\Database\MySQLi\Connection.php:312
Stack trace:
#0 C:\xampp\htdocs\fs2024\ci4_hoteles\system\Database\MySQLi\Connection.php(312): mysqli->query('INSERT INTO `cl...', 0)
#1 C:\xampp\htdocs\fs2024\ci4_hoteles\system\Database\BaseConnection.php(734): CodeIgniter\Database\MySQLi\Connection->execute('INSERT INTO `cl...')
#2 C:\xampp\htdocs\fs2024\ci4_hoteles\system\Database\BaseConnection.php(648): CodeIgniter\Database\BaseConnection->simpleQuery('INSERT INTO `cl...')
#3 C:\xampp\htdocs\fs2024\ci4_hoteles\system\Database\BaseBuilder.php(2332): CodeIgniter\Database\BaseConnection->query('INSERT INTO `cl...', Array, false)
#4 C:\xampp\htdocs\fs2024\ci4_hoteles\system\Model.php(394): CodeIgniter\Database\BaseBuilder->insert()
#5 C:\xampp\htdocs\fs2024\ci4_hoteles\system\BaseModel.php(840): CodeIgniter\Model->doInsert(Array)
#6 C:\xampp\htdocs\fs2024\ci4_hoteles\system\Model.php(802): CodeIgniter\BaseModel->insert(Array, true)
#7 C:\xampp\htdocs\fs2024\ci4_hoteles\app\Controllers\ClientesController.php(36): CodeIgniter\Model->insert(Array)
#8 C:\xampp\htdocs\fs2024\ci4_hoteles\system\CodeIgniter.php(933): App\Controllers\ClientesController->agregarCliente()
#9 C:\xampp\htdocs\fs2024\ci4_hoteles\system\CodeIgniter.php(509): CodeIgniter\CodeIgniter->runController(Object(App\Controllers\ClientesController))
#10 C:\xampp\htdocs\fs2024\ci4_hoteles\system\CodeIgniter.php(355): CodeIgniter\CodeIgniter->handleRequest(NULL, Object(Config\Cache), false)
#11 C:\xampp\htdocs\fs2024\ci4_hoteles\system\Boot.php(325): CodeIgniter\CodeIgniter->run()
#12 C:\xampp\htdocs\fs2024\ci4_hoteles\system\Boot.php(67): CodeIgniter\Boot::runCodeIgniter(Object(CodeIgniter\CodeIgniter))
#13 C:\xampp\htdocs\fs2024\ci4_hoteles\public\index.php(56): CodeIgniter\Boot::bootWeb(Object(Config\Paths))
#14 {main}
CRITICAL - 2024-07-25 14:59:40 --> CodeIgniter\Database\Exceptions\DatabaseException: Duplicate entry '1' for key 'correo_electronico'
[Method: POST, Route: agregar_cliente]
in SYSTEMPATH\Database\BaseConnection.php on line 688.
 1 SYSTEMPATH\Database\BaseBuilder.php(2332): CodeIgniter\Database\BaseConnection->query('INSERT INTO `clientes` (`cliente_id`, `nombre`, `apellido`, `nit`, `telefono`, `correo_electronico`, `direccion`, `contrasenia`) VALUES (:cliente_id:, :nombre:, :apellido:, :nit:, :telefono:, :correo_electronico:, :direccion:, :contrasenia:)', [...], false)
 2 SYSTEMPATH\Model.php(394): CodeIgniter\Database\BaseBuilder->insert()
 3 SYSTEMPATH\BaseModel.php(840): CodeIgniter\Model->doInsert([...])
 4 SYSTEMPATH\Model.php(802): CodeIgniter\BaseModel->insert([...], true)
 5 APPPATH\Controllers\ClientesController.php(36): CodeIgniter\Model->insert([...])
 6 SYSTEMPATH\CodeIgniter.php(933): App\Controllers\ClientesController->agregarCliente()
 7 SYSTEMPATH\CodeIgniter.php(509): CodeIgniter\CodeIgniter->runController(Object(App\Controllers\ClientesController))
 8 SYSTEMPATH\CodeIgniter.php(355): CodeIgniter\CodeIgniter->handleRequest(null, Object(Config\Cache), false)
 9 SYSTEMPATH\Boot.php(325): CodeIgniter\CodeIgniter->run()
10 SYSTEMPATH\Boot.php(67): CodeIgniter\Boot::runCodeIgniter(Object(CodeIgniter\CodeIgniter))
11 FCPATH\index.php(56): CodeIgniter\Boot::bootWeb(Object(Config\Paths))
CRITICAL - 2024-07-25 14:59:40 --> [Caused by] CodeIgniter\Database\Exceptions\DatabaseException: Duplicate entry '1' for key 'correo_electronico'
in SYSTEMPATH\Database\MySQLi\Connection.php on line 317.
 1 SYSTEMPATH\Database\BaseConnection.php(734): CodeIgniter\Database\MySQLi\Connection->execute('INSERT INTO `clientes` (`cliente_id`, `nombre`, `apellido`, `nit`, `telefono`, `correo_electronico`, `direccion`, `contrasenia`) VALUES (\'8889\', \'a\', \'a\', \'789\', \'1\', \'1\', \'1\', \'3\')')
 2 SYSTEMPATH\Database\BaseConnection.php(648): CodeIgniter\Database\BaseConnection->simpleQuery('INSERT INTO `clientes` (`cliente_id`, `nombre`, `apellido`, `nit`, `telefono`, `correo_electronico`, `direccion`, `contrasenia`) VALUES (\'8889\', \'a\', \'a\', \'789\', \'1\', \'1\', \'1\', \'3\')')
 3 SYSTEMPATH\Database\BaseBuilder.php(2332): CodeIgniter\Database\BaseConnection->query('INSERT INTO `clientes` (`cliente_id`, `nombre`, `apellido`, `nit`, `telefono`, `correo_electronico`, `direccion`, `contrasenia`) VALUES (:cliente_id:, :nombre:, :apellido:, :nit:, :telefono:, :correo_electronico:, :direccion:, :contrasenia:)', [...], false)
 4 SYSTEMPATH\Model.php(394): CodeIgniter\Database\BaseBuilder->insert()
 5 SYSTEMPATH\BaseModel.php(840): CodeIgniter\Model->doInsert([...])
 6 SYSTEMPATH\Model.php(802): CodeIgniter\BaseModel->insert([...], true)
 7 APPPATH\Controllers\ClientesController.php(36): CodeIgniter\Model->insert([...])
 8 SYSTEMPATH\CodeIgniter.php(933): App\Controllers\ClientesController->agregarCliente()
 9 SYSTEMPATH\CodeIgniter.php(509): CodeIgniter\CodeIgniter->runController(Object(App\Controllers\ClientesController))
10 SYSTEMPATH\CodeIgniter.php(355): CodeIgniter\CodeIgniter->handleRequest(null, Object(Config\Cache), false)
11 SYSTEMPATH\Boot.php(325): CodeIgniter\CodeIgniter->run()
12 SYSTEMPATH\Boot.php(67): CodeIgniter\Boot::runCodeIgniter(Object(CodeIgniter\CodeIgniter))
13 FCPATH\index.php(56): CodeIgniter\Boot::bootWeb(Object(Config\Paths))
CRITICAL - 2024-07-25 14:59:40 --> [Caused by] mysqli_sql_exception: Duplicate entry '1' for key 'correo_electronico'
in SYSTEMPATH\Database\MySQLi\Connection.php on line 312.
 1 SYSTEMPATH\Database\MySQLi\Connection.php(312): mysqli->query('INSERT INTO `clientes` (`cliente_id`, `nombre`, `apellido`, `nit`, `telefono`, `correo_electronico`, `direccion`, `contrasenia`) VALUES (\'8889\', \'a\', \'a\', \'789\', \'1\', \'1\', \'1\', \'3\')', 0)
 2 SYSTEMPATH\Database\BaseConnection.php(734): CodeIgniter\Database\MySQLi\Connection->execute('INSERT INTO `clientes` (`cliente_id`, `nombre`, `apellido`, `nit`, `telefono`, `correo_electronico`, `direccion`, `contrasenia`) VALUES (\'8889\', \'a\', \'a\', \'789\', \'1\', \'1\', \'1\', \'3\')')
 3 SYSTEMPATH\Database\BaseConnection.php(648): CodeIgniter\Database\BaseConnection->simpleQuery('INSERT INTO `clientes` (`cliente_id`, `nombre`, `apellido`, `nit`, `telefono`, `correo_electronico`, `direccion`, `contrasenia`) VALUES (\'8889\', \'a\', \'a\', \'789\', \'1\', \'1\', \'1\', \'3\')')
 4 SYSTEMPATH\Database\BaseBuilder.php(2332): CodeIgniter\Database\BaseConnection->query('INSERT INTO `clientes` (`cliente_id`, `nombre`, `apellido`, `nit`, `telefono`, `correo_electronico`, `direccion`, `contrasenia`) VALUES (:cliente_id:, :nombre:, :apellido:, :nit:, :telefono:, :correo_electronico:, :direccion:, :contrasenia:)', [...], false)
 5 SYSTEMPATH\Model.php(394): CodeIgniter\Database\BaseBuilder->insert()
 6 SYSTEMPATH\BaseModel.php(840): CodeIgniter\Model->doInsert([...])
 7 SYSTEMPATH\Model.php(802): CodeIgniter\BaseModel->insert([...], true)
 8 APPPATH\Controllers\ClientesController.php(36): CodeIgniter\Model->insert([...])
 9 SYSTEMPATH\CodeIgniter.php(933): App\Controllers\ClientesController->agregarCliente()
10 SYSTEMPATH\CodeIgniter.php(509): CodeIgniter\CodeIgniter->runController(Object(App\Controllers\ClientesController))
11 SYSTEMPATH\CodeIgniter.php(355): CodeIgniter\CodeIgniter->handleRequest(null, Object(Config\Cache), false)
12 SYSTEMPATH\Boot.php(325): CodeIgniter\CodeIgniter->run()
13 SYSTEMPATH\Boot.php(67): CodeIgniter\Boot::runCodeIgniter(Object(CodeIgniter\CodeIgniter))
14 FCPATH\index.php(56): CodeIgniter\Boot::bootWeb(Object(Config\Paths))
ERROR - 2024-07-25 14:59:51 --> mysqli_sql_exception: Duplicate entry '' for key 'correo_electronico' in C:\xampp\htdocs\fs2024\ci4_hoteles\system\Database\MySQLi\Connection.php:312
Stack trace:
#0 C:\xampp\htdocs\fs2024\ci4_hoteles\system\Database\MySQLi\Connection.php(312): mysqli->query('INSERT INTO `cl...', 0)
#1 C:\xampp\htdocs\fs2024\ci4_hoteles\system\Database\BaseConnection.php(734): CodeIgniter\Database\MySQLi\Connection->execute('INSERT INTO `cl...')
#2 C:\xampp\htdocs\fs2024\ci4_hoteles\system\Database\BaseConnection.php(648): CodeIgniter\Database\BaseConnection->simpleQuery('INSERT INTO `cl...')
#3 C:\xampp\htdocs\fs2024\ci4_hoteles\system\Database\BaseBuilder.php(2332): CodeIgniter\Database\BaseConnection->query('INSERT INTO `cl...', Array, false)
#4 C:\xampp\htdocs\fs2024\ci4_hoteles\system\Model.php(394): CodeIgniter\Database\BaseBuilder->insert()
#5 C:\xampp\htdocs\fs2024\ci4_hoteles\system\BaseModel.php(840): CodeIgniter\Model->doInsert(Array)
#6 C:\xampp\htdocs\fs2024\ci4_hoteles\system\Model.php(802): CodeIgniter\BaseModel->insert(Array, true)
#7 C:\xampp\htdocs\fs2024\ci4_hoteles\app\Controllers\ClientesController.php(36): CodeIgniter\Model->insert(Array)
#8 C:\xampp\htdocs\fs2024\ci4_hoteles\system\CodeIgniter.php(933): App\Controllers\ClientesController->agregarCliente()
#9 C:\xampp\htdocs\fs2024\ci4_hoteles\system\CodeIgniter.php(509): CodeIgniter\CodeIgniter->runController(Object(App\Controllers\ClientesController))
#10 C:\xampp\htdocs\fs2024\ci4_hoteles\system\CodeIgniter.php(355): CodeIgniter\CodeIgniter->handleRequest(NULL, Object(Config\Cache), false)
#11 C:\xampp\htdocs\fs2024\ci4_hoteles\system\Boot.php(325): CodeIgniter\CodeIgniter->run()
#12 C:\xampp\htdocs\fs2024\ci4_hoteles\system\Boot.php(67): CodeIgniter\Boot::runCodeIgniter(Object(CodeIgniter\CodeIgniter))
#13 C:\xampp\htdocs\fs2024\ci4_hoteles\public\index.php(56): CodeIgniter\Boot::bootWeb(Object(Config\Paths))
#14 {main}
CRITICAL - 2024-07-25 14:59:51 --> CodeIgniter\Database\Exceptions\DatabaseException: Duplicate entry '' for key 'correo_electronico'
[Method: POST, Route: agregar_cliente]
in SYSTEMPATH\Database\BaseConnection.php on line 688.
 1 SYSTEMPATH\Database\BaseBuilder.php(2332): CodeIgniter\Database\BaseConnection->query('INSERT INTO `clientes` (`cliente_id`, `nombre`, `apellido`, `nit`, `telefono`, `correo_electronico`, `direccion`, `contrasenia`) VALUES (:cliente_id:, :nombre:, :apellido:, :nit:, :telefono:, :correo_electronico:, :direccion:, :contrasenia:)', [...], false)
 2 SYSTEMPATH\Model.php(394): CodeIgniter\Database\BaseBuilder->insert()
 3 SYSTEMPATH\BaseModel.php(840): CodeIgniter\Model->doInsert([...])
 4 SYSTEMPATH\Model.php(802): CodeIgniter\BaseModel->insert([...], true)
 5 APPPATH\Controllers\ClientesController.php(36): CodeIgniter\Model->insert([...])
 6 SYSTEMPATH\CodeIgniter.php(933): App\Controllers\ClientesController->agregarCliente()
 7 SYSTEMPATH\CodeIgniter.php(509): CodeIgniter\CodeIgniter->runController(Object(App\Controllers\ClientesController))
 8 SYSTEMPATH\CodeIgniter.php(355): CodeIgniter\CodeIgniter->handleRequest(null, Object(Config\Cache), false)
 9 SYSTEMPATH\Boot.php(325): CodeIgniter\CodeIgniter->run()
10 SYSTEMPATH\Boot.php(67): CodeIgniter\Boot::runCodeIgniter(Object(CodeIgniter\CodeIgniter))
11 FCPATH\index.php(56): CodeIgniter\Boot::bootWeb(Object(Config\Paths))
CRITICAL - 2024-07-25 14:59:51 --> [Caused by] CodeIgniter\Database\Exceptions\DatabaseException: Duplicate entry '' for key 'correo_electronico'
in SYSTEMPATH\Database\MySQLi\Connection.php on line 317.
 1 SYSTEMPATH\Database\BaseConnection.php(734): CodeIgniter\Database\MySQLi\Connection->execute('INSERT INTO `clientes` (`cliente_id`, `nombre`, `apellido`, `nit`, `telefono`, `correo_electronico`, `direccion`, `contrasenia`) VALUES (\'333\', \'\', \'\', \'\', \'\', \'\', \'\', \'\')')
 2 SYSTEMPATH\Database\BaseConnection.php(648): CodeIgniter\Database\BaseConnection->simpleQuery('INSERT INTO `clientes` (`cliente_id`, `nombre`, `apellido`, `nit`, `telefono`, `correo_electronico`, `direccion`, `contrasenia`) VALUES (\'333\', \'\', \'\', \'\', \'\', \'\', \'\', \'\')')
 3 SYSTEMPATH\Database\BaseBuilder.php(2332): CodeIgniter\Database\BaseConnection->query('INSERT INTO `clientes` (`cliente_id`, `nombre`, `apellido`, `nit`, `telefono`, `correo_electronico`, `direccion`, `contrasenia`) VALUES (:cliente_id:, :nombre:, :apellido:, :nit:, :telefono:, :correo_electronico:, :direccion:, :contrasenia:)', [...], false)
 4 SYSTEMPATH\Model.php(394): CodeIgniter\Database\BaseBuilder->insert()
 5 SYSTEMPATH\BaseModel.php(840): CodeIgniter\Model->doInsert([...])
 6 SYSTEMPATH\Model.php(802): CodeIgniter\BaseModel->insert([...], true)
 7 APPPATH\Controllers\ClientesController.php(36): CodeIgniter\Model->insert([...])
 8 SYSTEMPATH\CodeIgniter.php(933): App\Controllers\ClientesController->agregarCliente()
 9 SYSTEMPATH\CodeIgniter.php(509): CodeIgniter\CodeIgniter->runController(Object(App\Controllers\ClientesController))
10 SYSTEMPATH\CodeIgniter.php(355): CodeIgniter\CodeIgniter->handleRequest(null, Object(Config\Cache), false)
11 SYSTEMPATH\Boot.php(325): CodeIgniter\CodeIgniter->run()
12 SYSTEMPATH\Boot.php(67): CodeIgniter\Boot::runCodeIgniter(Object(CodeIgniter\CodeIgniter))
13 FCPATH\index.php(56): CodeIgniter\Boot::bootWeb(Object(Config\Paths))
CRITICAL - 2024-07-25 14:59:51 --> [Caused by] mysqli_sql_exception: Duplicate entry '' for key 'correo_electronico'
in SYSTEMPATH\Database\MySQLi\Connection.php on line 312.
 1 SYSTEMPATH\Database\MySQLi\Connection.php(312): mysqli->query('INSERT INTO `clientes` (`cliente_id`, `nombre`, `apellido`, `nit`, `telefono`, `correo_electronico`, `direccion`, `contrasenia`) VALUES (\'333\', \'\', \'\', \'\', \'\', \'\', \'\', \'\')', 0)
 2 SYSTEMPATH\Database\BaseConnection.php(734): CodeIgniter\Database\MySQLi\Connection->execute('INSERT INTO `clientes` (`cliente_id`, `nombre`, `apellido`, `nit`, `telefono`, `correo_electronico`, `direccion`, `contrasenia`) VALUES (\'333\', \'\', \'\', \'\', \'\', \'\', \'\', \'\')')
 3 SYSTEMPATH\Database\BaseConnection.php(648): CodeIgniter\Database\BaseConnection->simpleQuery('INSERT INTO `clientes` (`cliente_id`, `nombre`, `apellido`, `nit`, `telefono`, `correo_electronico`, `direccion`, `contrasenia`) VALUES (\'333\', \'\', \'\', \'\', \'\', \'\', \'\', \'\')')
 4 SYSTEMPATH\Database\BaseBuilder.php(2332): CodeIgniter\Database\BaseConnection->query('INSERT INTO `clientes` (`cliente_id`, `nombre`, `apellido`, `nit`, `telefono`, `correo_electronico`, `direccion`, `contrasenia`) VALUES (:cliente_id:, :nombre:, :apellido:, :nit:, :telefono:, :correo_electronico:, :direccion:, :contrasenia:)', [...], false)
 5 SYSTEMPATH\Model.php(394): CodeIgniter\Database\BaseBuilder->insert()
 6 SYSTEMPATH\BaseModel.php(840): CodeIgniter\Model->doInsert([...])
 7 SYSTEMPATH\Model.php(802): CodeIgniter\BaseModel->insert([...], true)
 8 APPPATH\Controllers\ClientesController.php(36): CodeIgniter\Model->insert([...])
 9 SYSTEMPATH\CodeIgniter.php(933): App\Controllers\ClientesController->agregarCliente()
10 SYSTEMPATH\CodeIgniter.php(509): CodeIgniter\CodeIgniter->runController(Object(App\Controllers\ClientesController))
11 SYSTEMPATH\CodeIgniter.php(355): CodeIgniter\CodeIgniter->handleRequest(null, Object(Config\Cache), false)
12 SYSTEMPATH\Boot.php(325): CodeIgniter\CodeIgniter->run()
13 SYSTEMPATH\Boot.php(67): CodeIgniter\Boot::runCodeIgniter(Object(CodeIgniter\CodeIgniter))
14 FCPATH\index.php(56): CodeIgniter\Boot::bootWeb(Object(Config\Paths))
ERROR - 2024-07-25 15:00:24 --> mysqli_sql_exception: Duplicate entry '' for key 'correo_electronico' in C:\xampp\htdocs\fs2024\ci4_hoteles\system\Database\MySQLi\Connection.php:312
Stack trace:
#0 C:\xampp\htdocs\fs2024\ci4_hoteles\system\Database\MySQLi\Connection.php(312): mysqli->query('INSERT INTO `cl...', 0)
#1 C:\xampp\htdocs\fs2024\ci4_hoteles\system\Database\BaseConnection.php(734): CodeIgniter\Database\MySQLi\Connection->execute('INSERT INTO `cl...')
#2 C:\xampp\htdocs\fs2024\ci4_hoteles\system\Database\BaseConnection.php(648): CodeIgniter\Database\BaseConnection->simpleQuery('INSERT INTO `cl...')
#3 C:\xampp\htdocs\fs2024\ci4_hoteles\system\Database\BaseBuilder.php(2332): CodeIgniter\Database\BaseConnection->query('INSERT INTO `cl...', Array, false)
#4 C:\xampp\htdocs\fs2024\ci4_hoteles\system\Model.php(394): CodeIgniter\Database\BaseBuilder->insert()
#5 C:\xampp\htdocs\fs2024\ci4_hoteles\system\BaseModel.php(840): CodeIgniter\Model->doInsert(Array)
#6 C:\xampp\htdocs\fs2024\ci4_hoteles\system\Model.php(802): CodeIgniter\BaseModel->insert(Array, true)
#7 C:\xampp\htdocs\fs2024\ci4_hoteles\app\Controllers\ClientesController.php(36): CodeIgniter\Model->insert(Array)
#8 C:\xampp\htdocs\fs2024\ci4_hoteles\system\CodeIgniter.php(933): App\Controllers\ClientesController->agregarCliente()
#9 C:\xampp\htdocs\fs2024\ci4_hoteles\system\CodeIgniter.php(509): CodeIgniter\CodeIgniter->runController(Object(App\Controllers\ClientesController))
#10 C:\xampp\htdocs\fs2024\ci4_hoteles\system\CodeIgniter.php(355): CodeIgniter\CodeIgniter->handleRequest(NULL, Object(Config\Cache), false)
#11 C:\xampp\htdocs\fs2024\ci4_hoteles\system\Boot.php(325): CodeIgniter\CodeIgniter->run()
#12 C:\xampp\htdocs\fs2024\ci4_hoteles\system\Boot.php(67): CodeIgniter\Boot::runCodeIgniter(Object(CodeIgniter\CodeIgniter))
#13 C:\xampp\htdocs\fs2024\ci4_hoteles\public\index.php(56): CodeIgniter\Boot::bootWeb(Object(Config\Paths))
#14 {main}
CRITICAL - 2024-07-25 15:00:24 --> CodeIgniter\Database\Exceptions\DatabaseException: Duplicate entry '' for key 'correo_electronico'
[Method: POST, Route: agregar_cliente]
in SYSTEMPATH\Database\BaseConnection.php on line 688.
 1 SYSTEMPATH\Database\BaseBuilder.php(2332): CodeIgniter\Database\BaseConnection->query('INSERT INTO `clientes` (`cliente_id`, `nombre`, `apellido`, `nit`, `telefono`, `correo_electronico`, `direccion`, `contrasenia`) VALUES (:cliente_id:, :nombre:, :apellido:, :nit:, :telefono:, :correo_electronico:, :direccion:, :contrasenia:)', [...], false)
 2 SYSTEMPATH\Model.php(394): CodeIgniter\Database\BaseBuilder->insert()
 3 SYSTEMPATH\BaseModel.php(840): CodeIgniter\Model->doInsert([...])
 4 SYSTEMPATH\Model.php(802): CodeIgniter\BaseModel->insert([...], true)
 5 APPPATH\Controllers\ClientesController.php(36): CodeIgniter\Model->insert([...])
 6 SYSTEMPATH\CodeIgniter.php(933): App\Controllers\ClientesController->agregarCliente()
 7 SYSTEMPATH\CodeIgniter.php(509): CodeIgniter\CodeIgniter->runController(Object(App\Controllers\ClientesController))
 8 SYSTEMPATH\CodeIgniter.php(355): CodeIgniter\CodeIgniter->handleRequest(null, Object(Config\Cache), false)
 9 SYSTEMPATH\Boot.php(325): CodeIgniter\CodeIgniter->run()
10 SYSTEMPATH\Boot.php(67): CodeIgniter\Boot::runCodeIgniter(Object(CodeIgniter\CodeIgniter))
11 FCPATH\index.php(56): CodeIgniter\Boot::bootWeb(Object(Config\Paths))
CRITICAL - 2024-07-25 15:00:24 --> [Caused by] CodeIgniter\Database\Exceptions\DatabaseException: Duplicate entry '' for key 'correo_electronico'
in SYSTEMPATH\Database\MySQLi\Connection.php on line 317.
 1 SYSTEMPATH\Database\BaseConnection.php(734): CodeIgniter\Database\MySQLi\Connection->execute('INSERT INTO `clientes` (`cliente_id`, `nombre`, `apellido`, `nit`, `telefono`, `correo_electronico`, `direccion`, `contrasenia`) VALUES (\'333\', \'\', \'\', \'\', \'\', \'\', \'\', \'\')')
 2 SYSTEMPATH\Database\BaseConnection.php(648): CodeIgniter\Database\BaseConnection->simpleQuery('INSERT INTO `clientes` (`cliente_id`, `nombre`, `apellido`, `nit`, `telefono`, `correo_electronico`, `direccion`, `contrasenia`) VALUES (\'333\', \'\', \'\', \'\', \'\', \'\', \'\', \'\')')
 3 SYSTEMPATH\Database\BaseBuilder.php(2332): CodeIgniter\Database\BaseConnection->query('INSERT INTO `clientes` (`cliente_id`, `nombre`, `apellido`, `nit`, `telefono`, `correo_electronico`, `direccion`, `contrasenia`) VALUES (:cliente_id:, :nombre:, :apellido:, :nit:, :telefono:, :correo_electronico:, :direccion:, :contrasenia:)', [...], false)
 4 SYSTEMPATH\Model.php(394): CodeIgniter\Database\BaseBuilder->insert()
 5 SYSTEMPATH\BaseModel.php(840): CodeIgniter\Model->doInsert([...])
 6 SYSTEMPATH\Model.php(802): CodeIgniter\BaseModel->insert([...], true)
 7 APPPATH\Controllers\ClientesController.php(36): CodeIgniter\Model->insert([...])
 8 SYSTEMPATH\CodeIgniter.php(933): App\Controllers\ClientesController->agregarCliente()
 9 SYSTEMPATH\CodeIgniter.php(509): CodeIgniter\CodeIgniter->runController(Object(App\Controllers\ClientesController))
10 SYSTEMPATH\CodeIgniter.php(355): CodeIgniter\CodeIgniter->handleRequest(null, Object(Config\Cache), false)
11 SYSTEMPATH\Boot.php(325): CodeIgniter\CodeIgniter->run()
12 SYSTEMPATH\Boot.php(67): CodeIgniter\Boot::runCodeIgniter(Object(CodeIgniter\CodeIgniter))
13 FCPATH\index.php(56): CodeIgniter\Boot::bootWeb(Object(Config\Paths))
CRITICAL - 2024-07-25 15:00:24 --> [Caused by] mysqli_sql_exception: Duplicate entry '' for key 'correo_electronico'
in SYSTEMPATH\Database\MySQLi\Connection.php on line 312.
 1 SYSTEMPATH\Database\MySQLi\Connection.php(312): mysqli->query('INSERT INTO `clientes` (`cliente_id`, `nombre`, `apellido`, `nit`, `telefono`, `correo_electronico`, `direccion`, `contrasenia`) VALUES (\'333\', \'\', \'\', \'\', \'\', \'\', \'\', \'\')', 0)
 2 SYSTEMPATH\Database\BaseConnection.php(734): CodeIgniter\Database\MySQLi\Connection->execute('INSERT INTO `clientes` (`cliente_id`, `nombre`, `apellido`, `nit`, `telefono`, `correo_electronico`, `direccion`, `contrasenia`) VALUES (\'333\', \'\', \'\', \'\', \'\', \'\', \'\', \'\')')
 3 SYSTEMPATH\Database\BaseConnection.php(648): CodeIgniter\Database\BaseConnection->simpleQuery('INSERT INTO `clientes` (`cliente_id`, `nombre`, `apellido`, `nit`, `telefono`, `correo_electronico`, `direccion`, `contrasenia`) VALUES (\'333\', \'\', \'\', \'\', \'\', \'\', \'\', \'\')')
 4 SYSTEMPATH\Database\BaseBuilder.php(2332): CodeIgniter\Database\BaseConnection->query('INSERT INTO `clientes` (`cliente_id`, `nombre`, `apellido`, `nit`, `telefono`, `correo_electronico`, `direccion`, `contrasenia`) VALUES (:cliente_id:, :nombre:, :apellido:, :nit:, :telefono:, :correo_electronico:, :direccion:, :contrasenia:)', [...], false)
 5 SYSTEMPATH\Model.php(394): CodeIgniter\Database\BaseBuilder->insert()
 6 SYSTEMPATH\BaseModel.php(840): CodeIgniter\Model->doInsert([...])
 7 SYSTEMPATH\Model.php(802): CodeIgniter\BaseModel->insert([...], true)
 8 APPPATH\Controllers\ClientesController.php(36): CodeIgniter\Model->insert([...])
 9 SYSTEMPATH\CodeIgniter.php(933): App\Controllers\ClientesController->agregarCliente()
10 SYSTEMPATH\CodeIgniter.php(509): CodeIgniter\CodeIgniter->runController(Object(App\Controllers\ClientesController))
11 SYSTEMPATH\CodeIgniter.php(355): CodeIgniter\CodeIgniter->handleRequest(null, Object(Config\Cache), false)
12 SYSTEMPATH\Boot.php(325): CodeIgniter\CodeIgniter->run()
13 SYSTEMPATH\Boot.php(67): CodeIgniter\Boot::runCodeIgniter(Object(CodeIgniter\CodeIgniter))
14 FCPATH\index.php(56): CodeIgniter\Boot::bootWeb(Object(Config\Paths))
ERROR - 2024-07-25 15:09:27 --> mysqli_sql_exception: Duplicate entry '1' for key 'correo_electronico' in C:\xampp\htdocs\fs2024\ci4_hoteles\system\Database\MySQLi\Connection.php:312
Stack trace:
#0 C:\xampp\htdocs\fs2024\ci4_hoteles\system\Database\MySQLi\Connection.php(312): mysqli->query('INSERT INTO `cl...', 0)
#1 C:\xampp\htdocs\fs2024\ci4_hoteles\system\Database\BaseConnection.php(734): CodeIgniter\Database\MySQLi\Connection->execute('INSERT INTO `cl...')
#2 C:\xampp\htdocs\fs2024\ci4_hoteles\system\Database\BaseConnection.php(648): CodeIgniter\Database\BaseConnection->simpleQuery('INSERT INTO `cl...')
#3 C:\xampp\htdocs\fs2024\ci4_hoteles\system\Database\BaseBuilder.php(2332): CodeIgniter\Database\BaseConnection->query('INSERT INTO `cl...', Array, false)
#4 C:\xampp\htdocs\fs2024\ci4_hoteles\system\Model.php(394): CodeIgniter\Database\BaseBuilder->insert()
#5 C:\xampp\htdocs\fs2024\ci4_hoteles\system\BaseModel.php(840): CodeIgniter\Model->doInsert(Array)
#6 C:\xampp\htdocs\fs2024\ci4_hoteles\system\Model.php(802): CodeIgniter\BaseModel->insert(Array, true)
#7 C:\xampp\htdocs\fs2024\ci4_hoteles\app\Controllers\ClientesController.php(36): CodeIgniter\Model->insert(Array)
#8 C:\xampp\htdocs\fs2024\ci4_hoteles\system\CodeIgniter.php(933): App\Controllers\ClientesController->agregarCliente()
#9 C:\xampp\htdocs\fs2024\ci4_hoteles\system\CodeIgniter.php(509): CodeIgniter\CodeIgniter->runController(Object(App\Controllers\ClientesController))
#10 C:\xampp\htdocs\fs2024\ci4_hoteles\system\CodeIgniter.php(355): CodeIgniter\CodeIgniter->handleRequest(NULL, Object(Config\Cache), false)
#11 C:\xampp\htdocs\fs2024\ci4_hoteles\system\Boot.php(325): CodeIgniter\CodeIgniter->run()
#12 C:\xampp\htdocs\fs2024\ci4_hoteles\system\Boot.php(67): CodeIgniter\Boot::runCodeIgniter(Object(CodeIgniter\CodeIgniter))
#13 C:\xampp\htdocs\fs2024\ci4_hoteles\public\index.php(56): CodeIgniter\Boot::bootWeb(Object(Config\Paths))
#14 {main}
CRITICAL - 2024-07-25 15:09:27 --> CodeIgniter\Database\Exceptions\DatabaseException: Duplicate entry '1' for key 'correo_electronico'
[Method: POST, Route: agregar_cliente]
in SYSTEMPATH\Database\BaseConnection.php on line 688.
 1 SYSTEMPATH\Database\BaseBuilder.php(2332): CodeIgniter\Database\BaseConnection->query('INSERT INTO `clientes` (`cliente_id`, `nombre`, `apellido`, `nit`, `telefono`, `correo_electronico`, `direccion`, `contrasenia`) VALUES (:cliente_id:, :nombre:, :apellido:, :nit:, :telefono:, :correo_electronico:, :direccion:, :contrasenia:)', [...], false)
 2 SYSTEMPATH\Model.php(394): CodeIgniter\Database\BaseBuilder->insert()
 3 SYSTEMPATH\BaseModel.php(840): CodeIgniter\Model->doInsert([...])
 4 SYSTEMPATH\Model.php(802): CodeIgniter\BaseModel->insert([...], true)
 5 APPPATH\Controllers\ClientesController.php(36): CodeIgniter\Model->insert([...])
 6 SYSTEMPATH\CodeIgniter.php(933): App\Controllers\ClientesController->agregarCliente()
 7 SYSTEMPATH\CodeIgniter.php(509): CodeIgniter\CodeIgniter->runController(Object(App\Controllers\ClientesController))
 8 SYSTEMPATH\CodeIgniter.php(355): CodeIgniter\CodeIgniter->handleRequest(null, Object(Config\Cache), false)
 9 SYSTEMPATH\Boot.php(325): CodeIgniter\CodeIgniter->run()
10 SYSTEMPATH\Boot.php(67): CodeIgniter\Boot::runCodeIgniter(Object(CodeIgniter\CodeIgniter))
11 FCPATH\index.php(56): CodeIgniter\Boot::bootWeb(Object(Config\Paths))
CRITICAL - 2024-07-25 15:09:27 --> [Caused by] CodeIgniter\Database\Exceptions\DatabaseException: Duplicate entry '1' for key 'correo_electronico'
in SYSTEMPATH\Database\MySQLi\Connection.php on line 317.
 1 SYSTEMPATH\Database\BaseConnection.php(734): CodeIgniter\Database\MySQLi\Connection->execute('INSERT INTO `clientes` (`cliente_id`, `nombre`, `apellido`, `nit`, `telefono`, `correo_electronico`, `direccion`, `contrasenia`) VALUES (\'551\', \'1\', \'1\', \'1\', \'1\', \'1\', \'1\', \'1\')')
 2 SYSTEMPATH\Database\BaseConnection.php(648): CodeIgniter\Database\BaseConnection->simpleQuery('INSERT INTO `clientes` (`cliente_id`, `nombre`, `apellido`, `nit`, `telefono`, `correo_electronico`, `direccion`, `contrasenia`) VALUES (\'551\', \'1\', \'1\', \'1\', \'1\', \'1\', \'1\', \'1\')')
 3 SYSTEMPATH\Database\BaseBuilder.php(2332): CodeIgniter\Database\BaseConnection->query('INSERT INTO `clientes` (`cliente_id`, `nombre`, `apellido`, `nit`, `telefono`, `correo_electronico`, `direccion`, `contrasenia`) VALUES (:cliente_id:, :nombre:, :apellido:, :nit:, :telefono:, :correo_electronico:, :direccion:, :contrasenia:)', [...], false)
 4 SYSTEMPATH\Model.php(394): CodeIgniter\Database\BaseBuilder->insert()
 5 SYSTEMPATH\BaseModel.php(840): CodeIgniter\Model->doInsert([...])
 6 SYSTEMPATH\Model.php(802): CodeIgniter\BaseModel->insert([...], true)
 7 APPPATH\Controllers\ClientesController.php(36): CodeIgniter\Model->insert([...])
 8 SYSTEMPATH\CodeIgniter.php(933): App\Controllers\ClientesController->agregarCliente()
 9 SYSTEMPATH\CodeIgniter.php(509): CodeIgniter\CodeIgniter->runController(Object(App\Controllers\ClientesController))
10 SYSTEMPATH\CodeIgniter.php(355): CodeIgniter\CodeIgniter->handleRequest(null, Object(Config\Cache), false)
11 SYSTEMPATH\Boot.php(325): CodeIgniter\CodeIgniter->run()
12 SYSTEMPATH\Boot.php(67): CodeIgniter\Boot::runCodeIgniter(Object(CodeIgniter\CodeIgniter))
13 FCPATH\index.php(56): CodeIgniter\Boot::bootWeb(Object(Config\Paths))
CRITICAL - 2024-07-25 15:09:27 --> [Caused by] mysqli_sql_exception: Duplicate entry '1' for key 'correo_electronico'
in SYSTEMPATH\Database\MySQLi\Connection.php on line 312.
 1 SYSTEMPATH\Database\MySQLi\Connection.php(312): mysqli->query('INSERT INTO `clientes` (`cliente_id`, `nombre`, `apellido`, `nit`, `telefono`, `correo_electronico`, `direccion`, `contrasenia`) VALUES (\'551\', \'1\', \'1\', \'1\', \'1\', \'1\', \'1\', \'1\')', 0)
 2 SYSTEMPATH\Database\BaseConnection.php(734): CodeIgniter\Database\MySQLi\Connection->execute('INSERT INTO `clientes` (`cliente_id`, `nombre`, `apellido`, `nit`, `telefono`, `correo_electronico`, `direccion`, `contrasenia`) VALUES (\'551\', \'1\', \'1\', \'1\', \'1\', \'1\', \'1\', \'1\')')
 3 SYSTEMPATH\Database\BaseConnection.php(648): CodeIgniter\Database\BaseConnection->simpleQuery('INSERT INTO `clientes` (`cliente_id`, `nombre`, `apellido`, `nit`, `telefono`, `correo_electronico`, `direccion`, `contrasenia`) VALUES (\'551\', \'1\', \'1\', \'1\', \'1\', \'1\', \'1\', \'1\')')
 4 SYSTEMPATH\Database\BaseBuilder.php(2332): CodeIgniter\Database\BaseConnection->query('INSERT INTO `clientes` (`cliente_id`, `nombre`, `apellido`, `nit`, `telefono`, `correo_electronico`, `direccion`, `contrasenia`) VALUES (:cliente_id:, :nombre:, :apellido:, :nit:, :telefono:, :correo_electronico:, :direccion:, :contrasenia:)', [...], false)
 5 SYSTEMPATH\Model.php(394): CodeIgniter\Database\BaseBuilder->insert()
 6 SYSTEMPATH\BaseModel.php(840): CodeIgniter\Model->doInsert([...])
 7 SYSTEMPATH\Model.php(802): CodeIgniter\BaseModel->insert([...], true)
 8 APPPATH\Controllers\ClientesController.php(36): CodeIgniter\Model->insert([...])
 9 SYSTEMPATH\CodeIgniter.php(933): App\Controllers\ClientesController->agregarCliente()
10 SYSTEMPATH\CodeIgniter.php(509): CodeIgniter\CodeIgniter->runController(Object(App\Controllers\ClientesController))
11 SYSTEMPATH\CodeIgniter.php(355): CodeIgniter\CodeIgniter->handleRequest(null, Object(Config\Cache), false)
12 SYSTEMPATH\Boot.php(325): CodeIgniter\CodeIgniter->run()
13 SYSTEMPATH\Boot.php(67): CodeIgniter\Boot::runCodeIgniter(Object(CodeIgniter\CodeIgniter))
14 FCPATH\index.php(56): CodeIgniter\Boot::bootWeb(Object(Config\Paths))
ERROR - 2024-07-25 15:23:22 --> mysqli_sql_exception: Duplicate entry '333' for key 'correo_electronico' in C:\xampp\htdocs\fs2024\ci4_hoteles\system\Database\MySQLi\Connection.php:312
Stack trace:
#0 C:\xampp\htdocs\fs2024\ci4_hoteles\system\Database\MySQLi\Connection.php(312): mysqli->query('INSERT INTO `cl...', 0)
#1 C:\xampp\htdocs\fs2024\ci4_hoteles\system\Database\BaseConnection.php(734): CodeIgniter\Database\MySQLi\Connection->execute('INSERT INTO `cl...')
#2 C:\xampp\htdocs\fs2024\ci4_hoteles\system\Database\BaseConnection.php(648): CodeIgniter\Database\BaseConnection->simpleQuery('INSERT INTO `cl...')
#3 C:\xampp\htdocs\fs2024\ci4_hoteles\system\Database\BaseBuilder.php(2332): CodeIgniter\Database\BaseConnection->query('INSERT INTO `cl...', Array, false)
#4 C:\xampp\htdocs\fs2024\ci4_hoteles\system\Model.php(394): CodeIgniter\Database\BaseBuilder->insert()
#5 C:\xampp\htdocs\fs2024\ci4_hoteles\system\BaseModel.php(840): CodeIgniter\Model->doInsert(Array)
#6 C:\xampp\htdocs\fs2024\ci4_hoteles\system\Model.php(802): CodeIgniter\BaseModel->insert(Array, true)
#7 C:\xampp\htdocs\fs2024\ci4_hoteles\app\Controllers\ClientesController.php(36): CodeIgniter\Model->insert(Array)
#8 C:\xampp\htdocs\fs2024\ci4_hoteles\system\CodeIgniter.php(933): App\Controllers\ClientesController->agregarCliente()
#9 C:\xampp\htdocs\fs2024\ci4_hoteles\system\CodeIgniter.php(509): CodeIgniter\CodeIgniter->runController(Object(App\Controllers\ClientesController))
#10 C:\xampp\htdocs\fs2024\ci4_hoteles\system\CodeIgniter.php(355): CodeIgniter\CodeIgniter->handleRequest(NULL, Object(Config\Cache), false)
#11 C:\xampp\htdocs\fs2024\ci4_hoteles\system\Boot.php(325): CodeIgniter\CodeIgniter->run()
#12 C:\xampp\htdocs\fs2024\ci4_hoteles\system\Boot.php(67): CodeIgniter\Boot::runCodeIgniter(Object(CodeIgniter\CodeIgniter))
#13 C:\xampp\htdocs\fs2024\ci4_hoteles\public\index.php(56): CodeIgniter\Boot::bootWeb(Object(Config\Paths))
#14 {main}
CRITICAL - 2024-07-25 15:23:22 --> CodeIgniter\Database\Exceptions\DatabaseException: Duplicate entry '333' for key 'correo_electronico'
[Method: POST, Route: agregar_cliente]
in SYSTEMPATH\Database\BaseConnection.php on line 688.
 1 SYSTEMPATH\Database\BaseBuilder.php(2332): CodeIgniter\Database\BaseConnection->query('INSERT INTO `clientes` (`cliente_id`, `nombre`, `apellido`, `nit`, `telefono`, `correo_electronico`, `direccion`, `contrasenia`) VALUES (:cliente_id:, :nombre:, :apellido:, :nit:, :telefono:, :correo_electronico:, :direccion:, :contrasenia:)', [...], false)
 2 SYSTEMPATH\Model.php(394): CodeIgniter\Database\BaseBuilder->insert()
 3 SYSTEMPATH\BaseModel.php(840): CodeIgniter\Model->doInsert([...])
 4 SYSTEMPATH\Model.php(802): CodeIgniter\BaseModel->insert([...], true)
 5 APPPATH\Controllers\ClientesController.php(36): CodeIgniter\Model->insert([...])
 6 SYSTEMPATH\CodeIgniter.php(933): App\Controllers\ClientesController->agregarCliente()
 7 SYSTEMPATH\CodeIgniter.php(509): CodeIgniter\CodeIgniter->runController(Object(App\Controllers\ClientesController))
 8 SYSTEMPATH\CodeIgniter.php(355): CodeIgniter\CodeIgniter->handleRequest(null, Object(Config\Cache), false)
 9 SYSTEMPATH\Boot.php(325): CodeIgniter\CodeIgniter->run()
10 SYSTEMPATH\Boot.php(67): CodeIgniter\Boot::runCodeIgniter(Object(CodeIgniter\CodeIgniter))
11 FCPATH\index.php(56): CodeIgniter\Boot::bootWeb(Object(Config\Paths))
CRITICAL - 2024-07-25 15:23:22 --> [Caused by] CodeIgniter\Database\Exceptions\DatabaseException: Duplicate entry '333' for key 'correo_electronico'
in SYSTEMPATH\Database\MySQLi\Connection.php on line 317.
 1 SYSTEMPATH\Database\BaseConnection.php(734): CodeIgniter\Database\MySQLi\Connection->execute('INSERT INTO `clientes` (`cliente_id`, `nombre`, `apellido`, `nit`, `telefono`, `correo_electronico`, `direccion`, `contrasenia`) VALUES (\'4443\', \'33\', \'33\', \'33\', \'33\', \'333\', \'333\', \'3\')')
 2 SYSTEMPATH\Database\BaseConnection.php(648): CodeIgniter\Database\BaseConnection->simpleQuery('INSERT INTO `clientes` (`cliente_id`, `nombre`, `apellido`, `nit`, `telefono`, `correo_electronico`, `direccion`, `contrasenia`) VALUES (\'4443\', \'33\', \'33\', \'33\', \'33\', \'333\', \'333\', \'3\')')
 3 SYSTEMPATH\Database\BaseBuilder.php(2332): CodeIgniter\Database\BaseConnection->query('INSERT INTO `clientes` (`cliente_id`, `nombre`, `apellido`, `nit`, `telefono`, `correo_electronico`, `direccion`, `contrasenia`) VALUES (:cliente_id:, :nombre:, :apellido:, :nit:, :telefono:, :correo_electronico:, :direccion:, :contrasenia:)', [...], false)
 4 SYSTEMPATH\Model.php(394): CodeIgniter\Database\BaseBuilder->insert()
 5 SYSTEMPATH\BaseModel.php(840): CodeIgniter\Model->doInsert([...])
 6 SYSTEMPATH\Model.php(802): CodeIgniter\BaseModel->insert([...], true)
 7 APPPATH\Controllers\ClientesController.php(36): CodeIgniter\Model->insert([...])
 8 SYSTEMPATH\CodeIgniter.php(933): App\Controllers\ClientesController->agregarCliente()
 9 SYSTEMPATH\CodeIgniter.php(509): CodeIgniter\CodeIgniter->runController(Object(App\Controllers\ClientesController))
10 SYSTEMPATH\CodeIgniter.php(355): CodeIgniter\CodeIgniter->handleRequest(null, Object(Config\Cache), false)
11 SYSTEMPATH\Boot.php(325): CodeIgniter\CodeIgniter->run()
12 SYSTEMPATH\Boot.php(67): CodeIgniter\Boot::runCodeIgniter(Object(CodeIgniter\CodeIgniter))
13 FCPATH\index.php(56): CodeIgniter\Boot::bootWeb(Object(Config\Paths))
CRITICAL - 2024-07-25 15:23:22 --> [Caused by] mysqli_sql_exception: Duplicate entry '333' for key 'correo_electronico'
in SYSTEMPATH\Database\MySQLi\Connection.php on line 312.
 1 SYSTEMPATH\Database\MySQLi\Connection.php(312): mysqli->query('INSERT INTO `clientes` (`cliente_id`, `nombre`, `apellido`, `nit`, `telefono`, `correo_electronico`, `direccion`, `contrasenia`) VALUES (\'4443\', \'33\', \'33\', \'33\', \'33\', \'333\', \'333\', \'3\')', 0)
 2 SYSTEMPATH\Database\BaseConnection.php(734): CodeIgniter\Database\MySQLi\Connection->execute('INSERT INTO `clientes` (`cliente_id`, `nombre`, `apellido`, `nit`, `telefono`, `correo_electronico`, `direccion`, `contrasenia`) VALUES (\'4443\', \'33\', \'33\', \'33\', \'33\', \'333\', \'333\', \'3\')')
 3 SYSTEMPATH\Database\BaseConnection.php(648): CodeIgniter\Database\BaseConnection->simpleQuery('INSERT INTO `clientes` (`cliente_id`, `nombre`, `apellido`, `nit`, `telefono`, `correo_electronico`, `direccion`, `contrasenia`) VALUES (\'4443\', \'33\', \'33\', \'33\', \'33\', \'333\', \'333\', \'3\')')
 4 SYSTEMPATH\Database\BaseBuilder.php(2332): CodeIgniter\Database\BaseConnection->query('INSERT INTO `clientes` (`cliente_id`, `nombre`, `apellido`, `nit`, `telefono`, `correo_electronico`, `direccion`, `contrasenia`) VALUES (:cliente_id:, :nombre:, :apellido:, :nit:, :telefono:, :correo_electronico:, :direccion:, :contrasenia:)', [...], false)
 5 SYSTEMPATH\Model.php(394): CodeIgniter\Database\BaseBuilder->insert()
 6 SYSTEMPATH\BaseModel.php(840): CodeIgniter\Model->doInsert([...])
 7 SYSTEMPATH\Model.php(802): CodeIgniter\BaseModel->insert([...], true)
 8 APPPATH\Controllers\ClientesController.php(36): CodeIgniter\Model->insert([...])
 9 SYSTEMPATH\CodeIgniter.php(933): App\Controllers\ClientesController->agregarCliente()
10 SYSTEMPATH\CodeIgniter.php(509): CodeIgniter\CodeIgniter->runController(Object(App\Controllers\ClientesController))
11 SYSTEMPATH\CodeIgniter.php(355): CodeIgniter\CodeIgniter->handleRequest(null, Object(Config\Cache), false)
12 SYSTEMPATH\Boot.php(325): CodeIgniter\CodeIgniter->run()
13 SYSTEMPATH\Boot.php(67): CodeIgniter\Boot::runCodeIgniter(Object(CodeIgniter\CodeIgniter))
14 FCPATH\index.php(56): CodeIgniter\Boot::bootWeb(Object(Config\Paths))
CRITICAL - 2024-07-25 15:39:13 --> ErrorException: Array to string conversion
[Method: POST, Route: agregar_cliente]
in APPPATH\Controllers\ClientesController.php on line 36.
 1 APPPATH\Controllers\ClientesController.php(36): CodeIgniter\Debug\Exceptions->errorHandler(2, 'Array to string conversion', 'C:\\xampp\\htdocs\\fs2024\\ci4_hoteles\\app\\Controllers\\ClientesController.php', 36)
 2 SYSTEMPATH\CodeIgniter.php(933): App\Controllers\ClientesController->agregarCliente()
 3 SYSTEMPATH\CodeIgniter.php(509): CodeIgniter\CodeIgniter->runController(Object(App\Controllers\ClientesController))
 4 SYSTEMPATH\CodeIgniter.php(355): CodeIgniter\CodeIgniter->handleRequest(null, Object(Config\Cache), false)
 5 SYSTEMPATH\Boot.php(325): CodeIgniter\CodeIgniter->run()
 6 SYSTEMPATH\Boot.php(67): CodeIgniter\Boot::runCodeIgniter(Object(CodeIgniter\CodeIgniter))
 7 FCPATH\index.php(56): CodeIgniter\Boot::bootWeb(Object(Config\Paths))
ERROR - 2024-07-25 15:40:37 --> mysqli_sql_exception: Duplicate entry '2212' for key 'PRIMARY' in C:\xampp\htdocs\fs2024\ci4_hoteles\system\Database\MySQLi\Connection.php:312
Stack trace:
#0 C:\xampp\htdocs\fs2024\ci4_hoteles\system\Database\MySQLi\Connection.php(312): mysqli->query('INSERT INTO `cl...', 0)
#1 C:\xampp\htdocs\fs2024\ci4_hoteles\system\Database\BaseConnection.php(734): CodeIgniter\Database\MySQLi\Connection->execute('INSERT INTO `cl...')
#2 C:\xampp\htdocs\fs2024\ci4_hoteles\system\Database\BaseConnection.php(648): CodeIgniter\Database\BaseConnection->simpleQuery('INSERT INTO `cl...')
#3 C:\xampp\htdocs\fs2024\ci4_hoteles\system\Database\BaseBuilder.php(2332): CodeIgniter\Database\BaseConnection->query('INSERT INTO `cl...', Array, false)
#4 C:\xampp\htdocs\fs2024\ci4_hoteles\system\Model.php(394): CodeIgniter\Database\BaseBuilder->insert()
#5 C:\xampp\htdocs\fs2024\ci4_hoteles\system\BaseModel.php(840): CodeIgniter\Model->doInsert(Array)
#6 C:\xampp\htdocs\fs2024\ci4_hoteles\system\Model.php(802): CodeIgniter\BaseModel->insert(Array, true)
#7 C:\xampp\htdocs\fs2024\ci4_hoteles\app\Controllers\ClientesController.php(34): CodeIgniter\Model->insert(Array)
#8 C:\xampp\htdocs\fs2024\ci4_hoteles\system\CodeIgniter.php(933): App\Controllers\ClientesController->agregarCliente()
#9 C:\xampp\htdocs\fs2024\ci4_hoteles\system\CodeIgniter.php(509): CodeIgniter\CodeIgniter->runController(Object(App\Controllers\ClientesController))
#10 C:\xampp\htdocs\fs2024\ci4_hoteles\system\CodeIgniter.php(355): CodeIgniter\CodeIgniter->handleRequest(NULL, Object(Config\Cache), false)
#11 C:\xampp\htdocs\fs2024\ci4_hoteles\system\Boot.php(325): CodeIgniter\CodeIgniter->run()
#12 C:\xampp\htdocs\fs2024\ci4_hoteles\system\Boot.php(67): CodeIgniter\Boot::runCodeIgniter(Object(CodeIgniter\CodeIgniter))
#13 C:\xampp\htdocs\fs2024\ci4_hoteles\public\index.php(56): CodeIgniter\Boot::bootWeb(Object(Config\Paths))
#14 {main}
CRITICAL - 2024-07-25 15:40:37 --> CodeIgniter\Database\Exceptions\DatabaseException: Duplicate entry '2212' for key 'PRIMARY'
[Method: POST, Route: agregar_cliente]
in SYSTEMPATH\Database\BaseConnection.php on line 688.
 1 SYSTEMPATH\Database\BaseBuilder.php(2332): CodeIgniter\Database\BaseConnection->query('INSERT INTO `clientes` (`cliente_id`, `nombre`, `apellido`, `nit`, `telefono`, `correo_electronico`, `direccion`, `contrasenia`) VALUES (:cliente_id:, :nombre:, :apellido:, :nit:, :telefono:, :correo_electronico:, :direccion:, :contrasenia:)', [...], false)
 2 SYSTEMPATH\Model.php(394): CodeIgniter\Database\BaseBuilder->insert()
 3 SYSTEMPATH\BaseModel.php(840): CodeIgniter\Model->doInsert([...])
 4 SYSTEMPATH\Model.php(802): CodeIgniter\BaseModel->insert([...], true)
 5 APPPATH\Controllers\ClientesController.php(34): CodeIgniter\Model->insert([...])
 6 SYSTEMPATH\CodeIgniter.php(933): App\Controllers\ClientesController->agregarCliente()
 7 SYSTEMPATH\CodeIgniter.php(509): CodeIgniter\CodeIgniter->runController(Object(App\Controllers\ClientesController))
 8 SYSTEMPATH\CodeIgniter.php(355): CodeIgniter\CodeIgniter->handleRequest(null, Object(Config\Cache), false)
 9 SYSTEMPATH\Boot.php(325): CodeIgniter\CodeIgniter->run()
10 SYSTEMPATH\Boot.php(67): CodeIgniter\Boot::runCodeIgniter(Object(CodeIgniter\CodeIgniter))
11 FCPATH\index.php(56): CodeIgniter\Boot::bootWeb(Object(Config\Paths))
CRITICAL - 2024-07-25 15:40:37 --> [Caused by] CodeIgniter\Database\Exceptions\DatabaseException: Duplicate entry '2212' for key 'PRIMARY'
in SYSTEMPATH\Database\MySQLi\Connection.php on line 317.
 1 SYSTEMPATH\Database\BaseConnection.php(734): CodeIgniter\Database\MySQLi\Connection->execute('INSERT INTO `clientes` (`cliente_id`, `nombre`, `apellido`, `nit`, `telefono`, `correo_electronico`, `direccion`, `contrasenia`) VALUES (\'2212\', \'2\', \'2\', \'2\', \'2\', \'dd33\', \'22\', \'2\')')
 2 SYSTEMPATH\Database\BaseConnection.php(648): CodeIgniter\Database\BaseConnection->simpleQuery('INSERT INTO `clientes` (`cliente_id`, `nombre`, `apellido`, `nit`, `telefono`, `correo_electronico`, `direccion`, `contrasenia`) VALUES (\'2212\', \'2\', \'2\', \'2\', \'2\', \'dd33\', \'22\', \'2\')')
 3 SYSTEMPATH\Database\BaseBuilder.php(2332): CodeIgniter\Database\BaseConnection->query('INSERT INTO `clientes` (`cliente_id`, `nombre`, `apellido`, `nit`, `telefono`, `correo_electronico`, `direccion`, `contrasenia`) VALUES (:cliente_id:, :nombre:, :apellido:, :nit:, :telefono:, :correo_electronico:, :direccion:, :contrasenia:)', [...], false)
 4 SYSTEMPATH\Model.php(394): CodeIgniter\Database\BaseBuilder->insert()
 5 SYSTEMPATH\BaseModel.php(840): CodeIgniter\Model->doInsert([...])
 6 SYSTEMPATH\Model.php(802): CodeIgniter\BaseModel->insert([...], true)
 7 APPPATH\Controllers\ClientesController.php(34): CodeIgniter\Model->insert([...])
 8 SYSTEMPATH\CodeIgniter.php(933): App\Controllers\ClientesController->agregarCliente()
 9 SYSTEMPATH\CodeIgniter.php(509): CodeIgniter\CodeIgniter->runController(Object(App\Controllers\ClientesController))
10 SYSTEMPATH\CodeIgniter.php(355): CodeIgniter\CodeIgniter->handleRequest(null, Object(Config\Cache), false)
11 SYSTEMPATH\Boot.php(325): CodeIgniter\CodeIgniter->run()
12 SYSTEMPATH\Boot.php(67): CodeIgniter\Boot::runCodeIgniter(Object(CodeIgniter\CodeIgniter))
13 FCPATH\index.php(56): CodeIgniter\Boot::bootWeb(Object(Config\Paths))
CRITICAL - 2024-07-25 15:40:37 --> [Caused by] mysqli_sql_exception: Duplicate entry '2212' for key 'PRIMARY'
in SYSTEMPATH\Database\MySQLi\Connection.php on line 312.
 1 SYSTEMPATH\Database\MySQLi\Connection.php(312): mysqli->query('INSERT INTO `clientes` (`cliente_id`, `nombre`, `apellido`, `nit`, `telefono`, `correo_electronico`, `direccion`, `contrasenia`) VALUES (\'2212\', \'2\', \'2\', \'2\', \'2\', \'dd33\', \'22\', \'2\')', 0)
 2 SYSTEMPATH\Database\BaseConnection.php(734): CodeIgniter\Database\MySQLi\Connection->execute('INSERT INTO `clientes` (`cliente_id`, `nombre`, `apellido`, `nit`, `telefono`, `correo_electronico`, `direccion`, `contrasenia`) VALUES (\'2212\', \'2\', \'2\', \'2\', \'2\', \'dd33\', \'22\', \'2\')')
 3 SYSTEMPATH\Database\BaseConnection.php(648): CodeIgniter\Database\BaseConnection->simpleQuery('INSERT INTO `clientes` (`cliente_id`, `nombre`, `apellido`, `nit`, `telefono`, `correo_electronico`, `direccion`, `contrasenia`) VALUES (\'2212\', \'2\', \'2\', \'2\', \'2\', \'dd33\', \'22\', \'2\')')
 4 SYSTEMPATH\Database\BaseBuilder.php(2332): CodeIgniter\Database\BaseConnection->query('INSERT INTO `clientes` (`cliente_id`, `nombre`, `apellido`, `nit`, `telefono`, `correo_electronico`, `direccion`, `contrasenia`) VALUES (:cliente_id:, :nombre:, :apellido:, :nit:, :telefono:, :correo_electronico:, :direccion:, :contrasenia:)', [...], false)
 5 SYSTEMPATH\Model.php(394): CodeIgniter\Database\BaseBuilder->insert()
 6 SYSTEMPATH\BaseModel.php(840): CodeIgniter\Model->doInsert([...])
 7 SYSTEMPATH\Model.php(802): CodeIgniter\BaseModel->insert([...], true)
 8 APPPATH\Controllers\ClientesController.php(34): CodeIgniter\Model->insert([...])
 9 SYSTEMPATH\CodeIgniter.php(933): App\Controllers\ClientesController->agregarCliente()
10 SYSTEMPATH\CodeIgniter.php(509): CodeIgniter\CodeIgniter->runController(Object(App\Controllers\ClientesController))
11 SYSTEMPATH\CodeIgniter.php(355): CodeIgniter\CodeIgniter->handleRequest(null, Object(Config\Cache), false)
12 SYSTEMPATH\Boot.php(325): CodeIgniter\CodeIgniter->run()
13 SYSTEMPATH\Boot.php(67): CodeIgniter\Boot::runCodeIgniter(Object(CodeIgniter\CodeIgniter))
14 FCPATH\index.php(56): CodeIgniter\Boot::bootWeb(Object(Config\Paths))
CRITICAL - 2024-07-25 15:54:25 --> ErrorException: Undefined property: CodeIgniter\View\View::$session
[Method: GET, Route: ver_clientes]
in APPPATH\Views\clientes.php on line 125.
 1 APPPATH\Views\clientes.php(125): CodeIgniter\Debug\Exceptions->errorHandler(2, 'Undefined property: CodeIgniter\\View\\View::$session', 'C:\\xampp\\htdocs\\fs2024\\ci4_hoteles\\app\\Views\\clientes.php', 125)
 2 SYSTEMPATH\View\View.php(234): include('C:\\xampp\\htdocs\\fs2024\\ci4_hoteles\\app\\Views\\clientes.php')
 3 SYSTEMPATH\View\View.php(237): CodeIgniter\View\View->CodeIgniter\View\{closure}()
 4 SYSTEMPATH\Common.php(1171): CodeIgniter\View\View->render('clientes', [], true)
 5 APPPATH\Controllers\ClientesController.php(14): view('clientes', [...])
 6 SYSTEMPATH\CodeIgniter.php(933): App\Controllers\ClientesController->index()
 7 SYSTEMPATH\CodeIgniter.php(509): CodeIgniter\CodeIgniter->runController(Object(App\Controllers\ClientesController))
 8 SYSTEMPATH\CodeIgniter.php(355): CodeIgniter\CodeIgniter->handleRequest(null, Object(Config\Cache), false)
 9 SYSTEMPATH\Boot.php(325): CodeIgniter\CodeIgniter->run()
10 SYSTEMPATH\Boot.php(67): CodeIgniter\Boot::runCodeIgniter(Object(CodeIgniter\CodeIgniter))
11 FCPATH\index.php(56): CodeIgniter\Boot::bootWeb(Object(Config\Paths))
CRITICAL - 2024-07-25 15:54:25 --> ErrorException: Undefined property: CodeIgniter\View\View::$session
[Method: GET, Route: ver_clientes]
in APPPATH\Views\clientes.php on line 125.
 1 APPPATH\Views\clientes.php(125): CodeIgniter\Debug\Exceptions->errorHandler(2, 'Undefined property: CodeIgniter\\View\\View::$session', 'C:\\xampp\\htdocs\\fs2024\\ci4_hoteles\\app\\Views\\clientes.php', 125)
 2 SYSTEMPATH\View\View.php(234): include('C:\\xampp\\htdocs\\fs2024\\ci4_hoteles\\app\\Views\\clientes.php')
 3 SYSTEMPATH\View\View.php(237): CodeIgniter\View\View->CodeIgniter\View\{closure}()
 4 SYSTEMPATH\Common.php(1171): CodeIgniter\View\View->render('clientes', [], true)
 5 APPPATH\Controllers\ClientesController.php(14): view('clientes', [...])
 6 SYSTEMPATH\CodeIgniter.php(933): App\Controllers\ClientesController->index()
 7 SYSTEMPATH\CodeIgniter.php(509): CodeIgniter\CodeIgniter->runController(Object(App\Controllers\ClientesController))
 8 SYSTEMPATH\CodeIgniter.php(355): CodeIgniter\CodeIgniter->handleRequest(null, Object(Config\Cache), false)
 9 SYSTEMPATH\Boot.php(325): CodeIgniter\CodeIgniter->run()
10 SYSTEMPATH\Boot.php(67): CodeIgniter\Boot::runCodeIgniter(Object(CodeIgniter\CodeIgniter))
11 FCPATH\index.php(56): CodeIgniter\Boot::bootWeb(Object(Config\Paths))
CRITICAL - 2024-07-25 15:54:25 --> ErrorException: Undefined property: CodeIgniter\View\View::$session
[Method: GET, Route: ver_clientes]
in APPPATH\Views\clientes.php on line 125.
 1 APPPATH\Views\clientes.php(125): CodeIgniter\Debug\Exceptions->errorHandler(2, 'Undefined property: CodeIgniter\\View\\View::$session', 'C:\\xampp\\htdocs\\fs2024\\ci4_hoteles\\app\\Views\\clientes.php', 125)
 2 SYSTEMPATH\View\View.php(234): include('C:\\xampp\\htdocs\\fs2024\\ci4_hoteles\\app\\Views\\clientes.php')
 3 SYSTEMPATH\View\View.php(237): CodeIgniter\View\View->CodeIgniter\View\{closure}()
 4 SYSTEMPATH\Common.php(1171): CodeIgniter\View\View->render('clientes', [], true)
 5 APPPATH\Controllers\ClientesController.php(14): view('clientes', [...])
 6 SYSTEMPATH\CodeIgniter.php(933): App\Controllers\ClientesController->index()
 7 SYSTEMPATH\CodeIgniter.php(509): CodeIgniter\CodeIgniter->runController(Object(App\Controllers\ClientesController))
 8 SYSTEMPATH\CodeIgniter.php(355): CodeIgniter\CodeIgniter->handleRequest(null, Object(Config\Cache), false)
 9 SYSTEMPATH\Boot.php(325): CodeIgniter\CodeIgniter->run()
10 SYSTEMPATH\Boot.php(67): CodeIgniter\Boot::runCodeIgniter(Object(CodeIgniter\CodeIgniter))
11 FCPATH\index.php(56): CodeIgniter\Boot::bootWeb(Object(Config\Paths))
CRITICAL - 2024-07-25 16:10:53 --> ErrorException: Undefined variable $dato
[Method: GET, Route: ver_clientes]
in APPPATH\Views\clientes.php on line 142.
 1 APPPATH\Views\clientes.php(142): CodeIgniter\Debug\Exceptions->errorHandler(2, 'Undefined variable $dato', 'C:\\xampp\\htdocs\\fs2024\\ci4_hoteles\\app\\Views\\clientes.php', 142)
 2 SYSTEMPATH\View\View.php(234): include('C:\\xampp\\htdocs\\fs2024\\ci4_hoteles\\app\\Views\\clientes.php')
 3 SYSTEMPATH\View\View.php(237): CodeIgniter\View\View->CodeIgniter\View\{closure}()
 4 SYSTEMPATH\Common.php(1171): CodeIgniter\View\View->render('clientes', [], true)
 5 APPPATH\Controllers\ClientesController.php(14): view('clientes', [...])
 6 SYSTEMPATH\CodeIgniter.php(933): App\Controllers\ClientesController->index()
 7 SYSTEMPATH\CodeIgniter.php(509): CodeIgniter\CodeIgniter->runController(Object(App\Controllers\ClientesController))
 8 SYSTEMPATH\CodeIgniter.php(355): CodeIgniter\CodeIgniter->handleRequest(null, Object(Config\Cache), false)
 9 SYSTEMPATH\Boot.php(325): CodeIgniter\CodeIgniter->run()
10 SYSTEMPATH\Boot.php(67): CodeIgniter\Boot::runCodeIgniter(Object(CodeIgniter\CodeIgniter))
11 FCPATH\index.php(56): CodeIgniter\Boot::bootWeb(Object(Config\Paths))
CRITICAL - 2024-07-25 16:11:06 --> ErrorException: Undefined array key "descripcion"
[Method: GET, Route: ver_clientes]
in APPPATH\Views\clientes.php on line 142.
 1 APPPATH\Views\clientes.php(142): CodeIgniter\Debug\Exceptions->errorHandler(2, 'Undefined array key "descripcion"', 'C:\\xampp\\htdocs\\fs2024\\ci4_hoteles\\app\\Views\\clientes.php', 142)
 2 SYSTEMPATH\View\View.php(234): include('C:\\xampp\\htdocs\\fs2024\\ci4_hoteles\\app\\Views\\clientes.php')
 3 SYSTEMPATH\View\View.php(237): CodeIgniter\View\View->CodeIgniter\View\{closure}()
 4 SYSTEMPATH\Common.php(1171): CodeIgniter\View\View->render('clientes', [], true)
 5 APPPATH\Controllers\ClientesController.php(14): view('clientes', [...])
 6 SYSTEMPATH\CodeIgniter.php(933): App\Controllers\ClientesController->index()
 7 SYSTEMPATH\CodeIgniter.php(509): CodeIgniter\CodeIgniter->runController(Object(App\Controllers\ClientesController))
 8 SYSTEMPATH\CodeIgniter.php(355): CodeIgniter\CodeIgniter->handleRequest(null, Object(Config\Cache), false)
 9 SYSTEMPATH\Boot.php(325): CodeIgniter\CodeIgniter->run()
10 SYSTEMPATH\Boot.php(67): CodeIgniter\Boot::runCodeIgniter(Object(CodeIgniter\CodeIgniter))
11 FCPATH\index.php(56): CodeIgniter\Boot::bootWeb(Object(Config\Paths))
ERROR - 2024-07-25 17:33:06 --> mysqli_sql_exception: Duplicate entry '789' for key 'PRIMARY' in C:\xampp\htdocs\fs2024\ci4_hoteles\system\Database\MySQLi\Connection.php:312
Stack trace:
#0 C:\xampp\htdocs\fs2024\ci4_hoteles\system\Database\MySQLi\Connection.php(312): mysqli->query('INSERT INTO `cl...', 0)
#1 C:\xampp\htdocs\fs2024\ci4_hoteles\system\Database\BaseConnection.php(734): CodeIgniter\Database\MySQLi\Connection->execute('INSERT INTO `cl...')
#2 C:\xampp\htdocs\fs2024\ci4_hoteles\system\Database\BaseConnection.php(648): CodeIgniter\Database\BaseConnection->simpleQuery('INSERT INTO `cl...')
#3 C:\xampp\htdocs\fs2024\ci4_hoteles\system\Database\BaseBuilder.php(2332): CodeIgniter\Database\BaseConnection->query('INSERT INTO `cl...', Array, false)
#4 C:\xampp\htdocs\fs2024\ci4_hoteles\system\Model.php(394): CodeIgniter\Database\BaseBuilder->insert()
#5 C:\xampp\htdocs\fs2024\ci4_hoteles\system\BaseModel.php(840): CodeIgniter\Model->doInsert(Array)
#6 C:\xampp\htdocs\fs2024\ci4_hoteles\system\Model.php(802): CodeIgniter\BaseModel->insert(Array, true)
#7 C:\xampp\htdocs\fs2024\ci4_hoteles\app\Controllers\ClientesController.php(36): CodeIgniter\Model->insert(Array)
#8 C:\xampp\htdocs\fs2024\ci4_hoteles\system\CodeIgniter.php(933): App\Controllers\ClientesController->agregarCliente()
#9 C:\xampp\htdocs\fs2024\ci4_hoteles\system\CodeIgniter.php(509): CodeIgniter\CodeIgniter->runController(Object(App\Controllers\ClientesController))
#10 C:\xampp\htdocs\fs2024\ci4_hoteles\system\CodeIgniter.php(355): CodeIgniter\CodeIgniter->handleRequest(NULL, Object(Config\Cache), false)
#11 C:\xampp\htdocs\fs2024\ci4_hoteles\system\Boot.php(325): CodeIgniter\CodeIgniter->run()
#12 C:\xampp\htdocs\fs2024\ci4_hoteles\system\Boot.php(67): CodeIgniter\Boot::runCodeIgniter(Object(CodeIgniter\CodeIgniter))
#13 C:\xampp\htdocs\fs2024\ci4_hoteles\public\index.php(56): CodeIgniter\Boot::bootWeb(Object(Config\Paths))
#14 {main}
CRITICAL - 2024-07-25 17:33:06 --> CodeIgniter\Database\Exceptions\DatabaseException: Duplicate entry '789' for key 'PRIMARY'
[Method: POST, Route: agregar_cliente]
in SYSTEMPATH\Database\BaseConnection.php on line 688.
 1 SYSTEMPATH\Database\BaseBuilder.php(2332): CodeIgniter\Database\BaseConnection->query('INSERT INTO `clientes` (`cliente_id`, `nombre`, `apellido`, `nit`, `telefono`, `correo_electronico`, `direccion`, `contrasenia`) VALUES (:cliente_id:, :nombre:, :apellido:, :nit:, :telefono:, :correo_electronico:, :direccion:, :contrasenia:)', [...], false)
 2 SYSTEMPATH\Model.php(394): CodeIgniter\Database\BaseBuilder->insert()
 3 SYSTEMPATH\BaseModel.php(840): CodeIgniter\Model->doInsert([...])
 4 SYSTEMPATH\Model.php(802): CodeIgniter\BaseModel->insert([...], true)
 5 APPPATH\Controllers\ClientesController.php(36): CodeIgniter\Model->insert([...])
 6 SYSTEMPATH\CodeIgniter.php(933): App\Controllers\ClientesController->agregarCliente()
 7 SYSTEMPATH\CodeIgniter.php(509): CodeIgniter\CodeIgniter->runController(Object(App\Controllers\ClientesController))
 8 SYSTEMPATH\CodeIgniter.php(355): CodeIgniter\CodeIgniter->handleRequest(null, Object(Config\Cache), false)
 9 SYSTEMPATH\Boot.php(325): CodeIgniter\CodeIgniter->run()
10 SYSTEMPATH\Boot.php(67): CodeIgniter\Boot::runCodeIgniter(Object(CodeIgniter\CodeIgniter))
11 FCPATH\index.php(56): CodeIgniter\Boot::bootWeb(Object(Config\Paths))
CRITICAL - 2024-07-25 17:33:06 --> [Caused by] CodeIgniter\Database\Exceptions\DatabaseException: Duplicate entry '789' for key 'PRIMARY'
in SYSTEMPATH\Database\MySQLi\Connection.php on line 317.
 1 SYSTEMPATH\Database\BaseConnection.php(734): CodeIgniter\Database\MySQLi\Connection->execute('INSERT INTO `clientes` (`cliente_id`, `nombre`, `apellido`, `nit`, `telefono`, `correo_electronico`, `direccion`, `contrasenia`) VALUES (\'789\', \'123\', \'aa\', \'a\', \'123\', \'34\', \'32\', \'324\')')
 2 SYSTEMPATH\Database\BaseConnection.php(648): CodeIgniter\Database\BaseConnection->simpleQuery('INSERT INTO `clientes` (`cliente_id`, `nombre`, `apellido`, `nit`, `telefono`, `correo_electronico`, `direccion`, `contrasenia`) VALUES (\'789\', \'123\', \'aa\', \'a\', \'123\', \'34\', \'32\', \'324\')')
 3 SYSTEMPATH\Database\BaseBuilder.php(2332): CodeIgniter\Database\BaseConnection->query('INSERT INTO `clientes` (`cliente_id`, `nombre`, `apellido`, `nit`, `telefono`, `correo_electronico`, `direccion`, `contrasenia`) VALUES (:cliente_id:, :nombre:, :apellido:, :nit:, :telefono:, :correo_electronico:, :direccion:, :contrasenia:)', [...], false)
 4 SYSTEMPATH\Model.php(394): CodeIgniter\Database\BaseBuilder->insert()
 5 SYSTEMPATH\BaseModel.php(840): CodeIgniter\Model->doInsert([...])
 6 SYSTEMPATH\Model.php(802): CodeIgniter\BaseModel->insert([...], true)
 7 APPPATH\Controllers\ClientesController.php(36): CodeIgniter\Model->insert([...])
 8 SYSTEMPATH\CodeIgniter.php(933): App\Controllers\ClientesController->agregarCliente()
 9 SYSTEMPATH\CodeIgniter.php(509): CodeIgniter\CodeIgniter->runController(Object(App\Controllers\ClientesController))
10 SYSTEMPATH\CodeIgniter.php(355): CodeIgniter\CodeIgniter->handleRequest(null, Object(Config\Cache), false)
11 SYSTEMPATH\Boot.php(325): CodeIgniter\CodeIgniter->run()
12 SYSTEMPATH\Boot.php(67): CodeIgniter\Boot::runCodeIgniter(Object(CodeIgniter\CodeIgniter))
13 FCPATH\index.php(56): CodeIgniter\Boot::bootWeb(Object(Config\Paths))
CRITICAL - 2024-07-25 17:33:06 --> [Caused by] mysqli_sql_exception: Duplicate entry '789' for key 'PRIMARY'
in SYSTEMPATH\Database\MySQLi\Connection.php on line 312.
 1 SYSTEMPATH\Database\MySQLi\Connection.php(312): mysqli->query('INSERT INTO `clientes` (`cliente_id`, `nombre`, `apellido`, `nit`, `telefono`, `correo_electronico`, `direccion`, `contrasenia`) VALUES (\'789\', \'123\', \'aa\', \'a\', \'123\', \'34\', \'32\', \'324\')', 0)
 2 SYSTEMPATH\Database\BaseConnection.php(734): CodeIgniter\Database\MySQLi\Connection->execute('INSERT INTO `clientes` (`cliente_id`, `nombre`, `apellido`, `nit`, `telefono`, `correo_electronico`, `direccion`, `contrasenia`) VALUES (\'789\', \'123\', \'aa\', \'a\', \'123\', \'34\', \'32\', \'324\')')
 3 SYSTEMPATH\Database\BaseConnection.php(648): CodeIgniter\Database\BaseConnection->simpleQuery('INSERT INTO `clientes` (`cliente_id`, `nombre`, `apellido`, `nit`, `telefono`, `correo_electronico`, `direccion`, `contrasenia`) VALUES (\'789\', \'123\', \'aa\', \'a\', \'123\', \'34\', \'32\', \'324\')')
 4 SYSTEMPATH\Database\BaseBuilder.php(2332): CodeIgniter\Database\BaseConnection->query('INSERT INTO `clientes` (`cliente_id`, `nombre`, `apellido`, `nit`, `telefono`, `correo_electronico`, `direccion`, `contrasenia`) VALUES (:cliente_id:, :nombre:, :apellido:, :nit:, :telefono:, :correo_electronico:, :direccion:, :contrasenia:)', [...], false)
 5 SYSTEMPATH\Model.php(394): CodeIgniter\Database\BaseBuilder->insert()
 6 SYSTEMPATH\BaseModel.php(840): CodeIgniter\Model->doInsert([...])
 7 SYSTEMPATH\Model.php(802): CodeIgniter\BaseModel->insert([...], true)
 8 APPPATH\Controllers\ClientesController.php(36): CodeIgniter\Model->insert([...])
 9 SYSTEMPATH\CodeIgniter.php(933): App\Controllers\ClientesController->agregarCliente()
10 SYSTEMPATH\CodeIgniter.php(509): CodeIgniter\CodeIgniter->runController(Object(App\Controllers\ClientesController))
11 SYSTEMPATH\CodeIgniter.php(355): CodeIgniter\CodeIgniter->handleRequest(null, Object(Config\Cache), false)
12 SYSTEMPATH\Boot.php(325): CodeIgniter\CodeIgniter->run()
13 SYSTEMPATH\Boot.php(67): CodeIgniter\Boot::runCodeIgniter(Object(CodeIgniter\CodeIgniter))
14 FCPATH\index.php(56): CodeIgniter\Boot::bootWeb(Object(Config\Paths))
ERROR - 2024-07-25 17:35:22 --> mysqli_sql_exception: Duplicate entry '2' for key 'PRIMARY' in C:\xampp\htdocs\fs2024\ci4_hoteles\system\Database\MySQLi\Connection.php:312
Stack trace:
#0 C:\xampp\htdocs\fs2024\ci4_hoteles\system\Database\MySQLi\Connection.php(312): mysqli->query('INSERT INTO `cl...', 0)
#1 C:\xampp\htdocs\fs2024\ci4_hoteles\system\Database\BaseConnection.php(734): CodeIgniter\Database\MySQLi\Connection->execute('INSERT INTO `cl...')
#2 C:\xampp\htdocs\fs2024\ci4_hoteles\system\Database\BaseConnection.php(648): CodeIgniter\Database\BaseConnection->simpleQuery('INSERT INTO `cl...')
#3 C:\xampp\htdocs\fs2024\ci4_hoteles\system\Database\BaseBuilder.php(2332): CodeIgniter\Database\BaseConnection->query('INSERT INTO `cl...', Array, false)
#4 C:\xampp\htdocs\fs2024\ci4_hoteles\system\Model.php(394): CodeIgniter\Database\BaseBuilder->insert()
#5 C:\xampp\htdocs\fs2024\ci4_hoteles\system\BaseModel.php(840): CodeIgniter\Model->doInsert(Array)
#6 C:\xampp\htdocs\fs2024\ci4_hoteles\system\Model.php(802): CodeIgniter\BaseModel->insert(Array, true)
#7 C:\xampp\htdocs\fs2024\ci4_hoteles\app\Controllers\ClientesController.php(36): CodeIgniter\Model->insert(Array)
#8 C:\xampp\htdocs\fs2024\ci4_hoteles\system\CodeIgniter.php(933): App\Controllers\ClientesController->agregarCliente()
#9 C:\xampp\htdocs\fs2024\ci4_hoteles\system\CodeIgniter.php(509): CodeIgniter\CodeIgniter->runController(Object(App\Controllers\ClientesController))
#10 C:\xampp\htdocs\fs2024\ci4_hoteles\system\CodeIgniter.php(355): CodeIgniter\CodeIgniter->handleRequest(NULL, Object(Config\Cache), false)
#11 C:\xampp\htdocs\fs2024\ci4_hoteles\system\Boot.php(325): CodeIgniter\CodeIgniter->run()
#12 C:\xampp\htdocs\fs2024\ci4_hoteles\system\Boot.php(67): CodeIgniter\Boot::runCodeIgniter(Object(CodeIgniter\CodeIgniter))
#13 C:\xampp\htdocs\fs2024\ci4_hoteles\public\index.php(56): CodeIgniter\Boot::bootWeb(Object(Config\Paths))
#14 {main}
CRITICAL - 2024-07-25 17:35:22 --> CodeIgniter\Database\Exceptions\DatabaseException: Duplicate entry '2' for key 'PRIMARY'
[Method: POST, Route: agregar_cliente]
in SYSTEMPATH\Database\BaseConnection.php on line 688.
 1 SYSTEMPATH\Database\BaseBuilder.php(2332): CodeIgniter\Database\BaseConnection->query('INSERT INTO `clientes` (`cliente_id`, `nombre`, `apellido`, `nit`, `telefono`, `correo_electronico`, `direccion`, `contrasenia`) VALUES (:cliente_id:, :nombre:, :apellido:, :nit:, :telefono:, :correo_electronico:, :direccion:, :contrasenia:)', [...], false)
 2 SYSTEMPATH\Model.php(394): CodeIgniter\Database\BaseBuilder->insert()
 3 SYSTEMPATH\BaseModel.php(840): CodeIgniter\Model->doInsert([...])
 4 SYSTEMPATH\Model.php(802): CodeIgniter\BaseModel->insert([...], true)
 5 APPPATH\Controllers\ClientesController.php(36): CodeIgniter\Model->insert([...])
 6 SYSTEMPATH\CodeIgniter.php(933): App\Controllers\ClientesController->agregarCliente()
 7 SYSTEMPATH\CodeIgniter.php(509): CodeIgniter\CodeIgniter->runController(Object(App\Controllers\ClientesController))
 8 SYSTEMPATH\CodeIgniter.php(355): CodeIgniter\CodeIgniter->handleRequest(null, Object(Config\Cache), false)
 9 SYSTEMPATH\Boot.php(325): CodeIgniter\CodeIgniter->run()
10 SYSTEMPATH\Boot.php(67): CodeIgniter\Boot::runCodeIgniter(Object(CodeIgniter\CodeIgniter))
11 FCPATH\index.php(56): CodeIgniter\Boot::bootWeb(Object(Config\Paths))
CRITICAL - 2024-07-25 17:35:22 --> [Caused by] CodeIgniter\Database\Exceptions\DatabaseException: Duplicate entry '2' for key 'PRIMARY'
in SYSTEMPATH\Database\MySQLi\Connection.php on line 317.
 1 SYSTEMPATH\Database\BaseConnection.php(734): CodeIgniter\Database\MySQLi\Connection->execute('INSERT INTO `clientes` (`cliente_id`, `nombre`, `apellido`, `nit`, `telefono`, `correo_electronico`, `direccion`, `contrasenia`) VALUES (\'2\', \'\', \'\', \'\', \'\', \'\', \'\', \'\')')
 2 SYSTEMPATH\Database\BaseConnection.php(648): CodeIgniter\Database\BaseConnection->simpleQuery('INSERT INTO `clientes` (`cliente_id`, `nombre`, `apellido`, `nit`, `telefono`, `correo_electronico`, `direccion`, `contrasenia`) VALUES (\'2\', \'\', \'\', \'\', \'\', \'\', \'\', \'\')')
 3 SYSTEMPATH\Database\BaseBuilder.php(2332): CodeIgniter\Database\BaseConnection->query('INSERT INTO `clientes` (`cliente_id`, `nombre`, `apellido`, `nit`, `telefono`, `correo_electronico`, `direccion`, `contrasenia`) VALUES (:cliente_id:, :nombre:, :apellido:, :nit:, :telefono:, :correo_electronico:, :direccion:, :contrasenia:)', [...], false)
 4 SYSTEMPATH\Model.php(394): CodeIgniter\Database\BaseBuilder->insert()
 5 SYSTEMPATH\BaseModel.php(840): CodeIgniter\Model->doInsert([...])
 6 SYSTEMPATH\Model.php(802): CodeIgniter\BaseModel->insert([...], true)
 7 APPPATH\Controllers\ClientesController.php(36): CodeIgniter\Model->insert([...])
 8 SYSTEMPATH\CodeIgniter.php(933): App\Controllers\ClientesController->agregarCliente()
 9 SYSTEMPATH\CodeIgniter.php(509): CodeIgniter\CodeIgniter->runController(Object(App\Controllers\ClientesController))
10 SYSTEMPATH\CodeIgniter.php(355): CodeIgniter\CodeIgniter->handleRequest(null, Object(Config\Cache), false)
11 SYSTEMPATH\Boot.php(325): CodeIgniter\CodeIgniter->run()
12 SYSTEMPATH\Boot.php(67): CodeIgniter\Boot::runCodeIgniter(Object(CodeIgniter\CodeIgniter))
13 FCPATH\index.php(56): CodeIgniter\Boot::bootWeb(Object(Config\Paths))
CRITICAL - 2024-07-25 17:35:22 --> [Caused by] mysqli_sql_exception: Duplicate entry '2' for key 'PRIMARY'
in SYSTEMPATH\Database\MySQLi\Connection.php on line 312.
 1 SYSTEMPATH\Database\MySQLi\Connection.php(312): mysqli->query('INSERT INTO `clientes` (`cliente_id`, `nombre`, `apellido`, `nit`, `telefono`, `correo_electronico`, `direccion`, `contrasenia`) VALUES (\'2\', \'\', \'\', \'\', \'\', \'\', \'\', \'\')', 0)
 2 SYSTEMPATH\Database\BaseConnection.php(734): CodeIgniter\Database\MySQLi\Connection->execute('INSERT INTO `clientes` (`cliente_id`, `nombre`, `apellido`, `nit`, `telefono`, `correo_electronico`, `direccion`, `contrasenia`) VALUES (\'2\', \'\', \'\', \'\', \'\', \'\', \'\', \'\')')
 3 SYSTEMPATH\Database\BaseConnection.php(648): CodeIgniter\Database\BaseConnection->simpleQuery('INSERT INTO `clientes` (`cliente_id`, `nombre`, `apellido`, `nit`, `telefono`, `correo_electronico`, `direccion`, `contrasenia`) VALUES (\'2\', \'\', \'\', \'\', \'\', \'\', \'\', \'\')')
 4 SYSTEMPATH\Database\BaseBuilder.php(2332): CodeIgniter\Database\BaseConnection->query('INSERT INTO `clientes` (`cliente_id`, `nombre`, `apellido`, `nit`, `telefono`, `correo_electronico`, `direccion`, `contrasenia`) VALUES (:cliente_id:, :nombre:, :apellido:, :nit:, :telefono:, :correo_electronico:, :direccion:, :contrasenia:)', [...], false)
 5 SYSTEMPATH\Model.php(394): CodeIgniter\Database\BaseBuilder->insert()
 6 SYSTEMPATH\BaseModel.php(840): CodeIgniter\Model->doInsert([...])
 7 SYSTEMPATH\Model.php(802): CodeIgniter\BaseModel->insert([...], true)
 8 APPPATH\Controllers\ClientesController.php(36): CodeIgniter\Model->insert([...])
 9 SYSTEMPATH\CodeIgniter.php(933): App\Controllers\ClientesController->agregarCliente()
10 SYSTEMPATH\CodeIgniter.php(509): CodeIgniter\CodeIgniter->runController(Object(App\Controllers\ClientesController))
11 SYSTEMPATH\CodeIgniter.php(355): CodeIgniter\CodeIgniter->handleRequest(null, Object(Config\Cache), false)
12 SYSTEMPATH\Boot.php(325): CodeIgniter\CodeIgniter->run()
13 SYSTEMPATH\Boot.php(67): CodeIgniter\Boot::runCodeIgniter(Object(CodeIgniter\CodeIgniter))
14 FCPATH\index.php(56): CodeIgniter\Boot::bootWeb(Object(Config\Paths))
ERROR - 2024-07-25 17:51:06 --> mysqli_sql_exception: Duplicate entry '5555' for key 'PRIMARY' in C:\xampp\htdocs\fs2024\ci4_hoteles\system\Database\MySQLi\Connection.php:312
Stack trace:
#0 C:\xampp\htdocs\fs2024\ci4_hoteles\system\Database\MySQLi\Connection.php(312): mysqli->query('INSERT INTO `cl...', 0)
#1 C:\xampp\htdocs\fs2024\ci4_hoteles\system\Database\BaseConnection.php(734): CodeIgniter\Database\MySQLi\Connection->execute('INSERT INTO `cl...')
#2 C:\xampp\htdocs\fs2024\ci4_hoteles\system\Database\BaseConnection.php(648): CodeIgniter\Database\BaseConnection->simpleQuery('INSERT INTO `cl...')
#3 C:\xampp\htdocs\fs2024\ci4_hoteles\system\Database\BaseBuilder.php(2332): CodeIgniter\Database\BaseConnection->query('INSERT INTO `cl...', Array, false)
#4 C:\xampp\htdocs\fs2024\ci4_hoteles\system\Model.php(394): CodeIgniter\Database\BaseBuilder->insert()
#5 C:\xampp\htdocs\fs2024\ci4_hoteles\system\BaseModel.php(840): CodeIgniter\Model->doInsert(Array)
#6 C:\xampp\htdocs\fs2024\ci4_hoteles\system\Model.php(802): CodeIgniter\BaseModel->insert(Array, true)
#7 C:\xampp\htdocs\fs2024\ci4_hoteles\app\Controllers\ClientesController.php(36): CodeIgniter\Model->insert(Array)
#8 C:\xampp\htdocs\fs2024\ci4_hoteles\system\CodeIgniter.php(933): App\Controllers\ClientesController->agregarCliente()
#9 C:\xampp\htdocs\fs2024\ci4_hoteles\system\CodeIgniter.php(509): CodeIgniter\CodeIgniter->runController(Object(App\Controllers\ClientesController))
#10 C:\xampp\htdocs\fs2024\ci4_hoteles\system\CodeIgniter.php(355): CodeIgniter\CodeIgniter->handleRequest(NULL, Object(Config\Cache), false)
#11 C:\xampp\htdocs\fs2024\ci4_hoteles\system\Boot.php(325): CodeIgniter\CodeIgniter->run()
#12 C:\xampp\htdocs\fs2024\ci4_hoteles\system\Boot.php(67): CodeIgniter\Boot::runCodeIgniter(Object(CodeIgniter\CodeIgniter))
#13 C:\xampp\htdocs\fs2024\ci4_hoteles\public\index.php(56): CodeIgniter\Boot::bootWeb(Object(Config\Paths))
#14 {main}
CRITICAL - 2024-07-25 17:51:06 --> CodeIgniter\Database\Exceptions\DatabaseException: Duplicate entry '5555' for key 'PRIMARY'
[Method: POST, Route: agregar_cliente]
in SYSTEMPATH\Database\BaseConnection.php on line 688.
 1 SYSTEMPATH\Database\BaseBuilder.php(2332): CodeIgniter\Database\BaseConnection->query('INSERT INTO `clientes` (`cliente_id`, `nombre`, `apellido`, `nit`, `telefono`, `correo_electronico`, `direccion`, `contrasenia`) VALUES (:cliente_id:, :nombre:, :apellido:, :nit:, :telefono:, :correo_electronico:, :direccion:, :contrasenia:)', [...], false)
 2 SYSTEMPATH\Model.php(394): CodeIgniter\Database\BaseBuilder->insert()
 3 SYSTEMPATH\BaseModel.php(840): CodeIgniter\Model->doInsert([...])
 4 SYSTEMPATH\Model.php(802): CodeIgniter\BaseModel->insert([...], true)
 5 APPPATH\Controllers\ClientesController.php(36): CodeIgniter\Model->insert([...])
 6 SYSTEMPATH\CodeIgniter.php(933): App\Controllers\ClientesController->agregarCliente()
 7 SYSTEMPATH\CodeIgniter.php(509): CodeIgniter\CodeIgniter->runController(Object(App\Controllers\ClientesController))
 8 SYSTEMPATH\CodeIgniter.php(355): CodeIgniter\CodeIgniter->handleRequest(null, Object(Config\Cache), false)
 9 SYSTEMPATH\Boot.php(325): CodeIgniter\CodeIgniter->run()
10 SYSTEMPATH\Boot.php(67): CodeIgniter\Boot::runCodeIgniter(Object(CodeIgniter\CodeIgniter))
11 FCPATH\index.php(56): CodeIgniter\Boot::bootWeb(Object(Config\Paths))
CRITICAL - 2024-07-25 17:51:06 --> [Caused by] CodeIgniter\Database\Exceptions\DatabaseException: Duplicate entry '5555' for key 'PRIMARY'
in SYSTEMPATH\Database\MySQLi\Connection.php on line 317.
 1 SYSTEMPATH\Database\BaseConnection.php(734): CodeIgniter\Database\MySQLi\Connection->execute('INSERT INTO `clientes` (`cliente_id`, `nombre`, `apellido`, `nit`, `telefono`, `correo_electronico`, `direccion`, `contrasenia`) VALUES (\'5555\', \'Mario\', \'Guzman\', \'123456\', \'5555555\', \'mario@gmail.com\', \'5ta avenida\', \'123456\')')
 2 SYSTEMPATH\Database\BaseConnection.php(648): CodeIgniter\Database\BaseConnection->simpleQuery('INSERT INTO `clientes` (`cliente_id`, `nombre`, `apellido`, `nit`, `telefono`, `correo_electronico`, `direccion`, `contrasenia`) VALUES (\'5555\', \'Mario\', \'Guzman\', \'123456\', \'5555555\', \'mario@gmail.com\', \'5ta avenida\', \'123456\')')
 3 SYSTEMPATH\Database\BaseBuilder.php(2332): CodeIgniter\Database\BaseConnection->query('INSERT INTO `clientes` (`cliente_id`, `nombre`, `apellido`, `nit`, `telefono`, `correo_electronico`, `direccion`, `contrasenia`) VALUES (:cliente_id:, :nombre:, :apellido:, :nit:, :telefono:, :correo_electronico:, :direccion:, :contrasenia:)', [...], false)
 4 SYSTEMPATH\Model.php(394): CodeIgniter\Database\BaseBuilder->insert()
 5 SYSTEMPATH\BaseModel.php(840): CodeIgniter\Model->doInsert([...])
 6 SYSTEMPATH\Model.php(802): CodeIgniter\BaseModel->insert([...], true)
 7 APPPATH\Controllers\ClientesController.php(36): CodeIgniter\Model->insert([...])
 8 SYSTEMPATH\CodeIgniter.php(933): App\Controllers\ClientesController->agregarCliente()
 9 SYSTEMPATH\CodeIgniter.php(509): CodeIgniter\CodeIgniter->runController(Object(App\Controllers\ClientesController))
10 SYSTEMPATH\CodeIgniter.php(355): CodeIgniter\CodeIgniter->handleRequest(null, Object(Config\Cache), false)
11 SYSTEMPATH\Boot.php(325): CodeIgniter\CodeIgniter->run()
12 SYSTEMPATH\Boot.php(67): CodeIgniter\Boot::runCodeIgniter(Object(CodeIgniter\CodeIgniter))
13 FCPATH\index.php(56): CodeIgniter\Boot::bootWeb(Object(Config\Paths))
CRITICAL - 2024-07-25 17:51:06 --> [Caused by] mysqli_sql_exception: Duplicate entry '5555' for key 'PRIMARY'
in SYSTEMPATH\Database\MySQLi\Connection.php on line 312.
 1 SYSTEMPATH\Database\MySQLi\Connection.php(312): mysqli->query('INSERT INTO `clientes` (`cliente_id`, `nombre`, `apellido`, `nit`, `telefono`, `correo_electronico`, `direccion`, `contrasenia`) VALUES (\'5555\', \'Mario\', \'Guzman\', \'123456\', \'5555555\', \'mario@gmail.com\', \'5ta avenida\', \'123456\')', 0)
 2 SYSTEMPATH\Database\BaseConnection.php(734): CodeIgniter\Database\MySQLi\Connection->execute('INSERT INTO `clientes` (`cliente_id`, `nombre`, `apellido`, `nit`, `telefono`, `correo_electronico`, `direccion`, `contrasenia`) VALUES (\'5555\', \'Mario\', \'Guzman\', \'123456\', \'5555555\', \'mario@gmail.com\', \'5ta avenida\', \'123456\')')
 3 SYSTEMPATH\Database\BaseConnection.php(648): CodeIgniter\Database\BaseConnection->simpleQuery('INSERT INTO `clientes` (`cliente_id`, `nombre`, `apellido`, `nit`, `telefono`, `correo_electronico`, `direccion`, `contrasenia`) VALUES (\'5555\', \'Mario\', \'Guzman\', \'123456\', \'5555555\', \'mario@gmail.com\', \'5ta avenida\', \'123456\')')
 4 SYSTEMPATH\Database\BaseBuilder.php(2332): CodeIgniter\Database\BaseConnection->query('INSERT INTO `clientes` (`cliente_id`, `nombre`, `apellido`, `nit`, `telefono`, `correo_electronico`, `direccion`, `contrasenia`) VALUES (:cliente_id:, :nombre:, :apellido:, :nit:, :telefono:, :correo_electronico:, :direccion:, :contrasenia:)', [...], false)
 5 SYSTEMPATH\Model.php(394): CodeIgniter\Database\BaseBuilder->insert()
 6 SYSTEMPATH\BaseModel.php(840): CodeIgniter\Model->doInsert([...])
 7 SYSTEMPATH\Model.php(802): CodeIgniter\BaseModel->insert([...], true)
 8 APPPATH\Controllers\ClientesController.php(36): CodeIgniter\Model->insert([...])
 9 SYSTEMPATH\CodeIgniter.php(933): App\Controllers\ClientesController->agregarCliente()
10 SYSTEMPATH\CodeIgniter.php(509): CodeIgniter\CodeIgniter->runController(Object(App\Controllers\ClientesController))
11 SYSTEMPATH\CodeIgniter.php(355): CodeIgniter\CodeIgniter->handleRequest(null, Object(Config\Cache), false)
12 SYSTEMPATH\Boot.php(325): CodeIgniter\CodeIgniter->run()
13 SYSTEMPATH\Boot.php(67): CodeIgniter\Boot::runCodeIgniter(Object(CodeIgniter\CodeIgniter))
14 FCPATH\index.php(56): CodeIgniter\Boot::bootWeb(Object(Config\Paths))
ERROR - 2024-07-25 17:51:24 --> mysqli_sql_exception: Duplicate entry 'ax@' for key 'correo_electronico' in C:\xampp\htdocs\fs2024\ci4_hoteles\system\Database\MySQLi\Connection.php:312
Stack trace:
#0 C:\xampp\htdocs\fs2024\ci4_hoteles\system\Database\MySQLi\Connection.php(312): mysqli->query('INSERT INTO `cl...', 0)
#1 C:\xampp\htdocs\fs2024\ci4_hoteles\system\Database\BaseConnection.php(734): CodeIgniter\Database\MySQLi\Connection->execute('INSERT INTO `cl...')
#2 C:\xampp\htdocs\fs2024\ci4_hoteles\system\Database\BaseConnection.php(648): CodeIgniter\Database\BaseConnection->simpleQuery('INSERT INTO `cl...')
#3 C:\xampp\htdocs\fs2024\ci4_hoteles\system\Database\BaseBuilder.php(2332): CodeIgniter\Database\BaseConnection->query('INSERT INTO `cl...', Array, false)
#4 C:\xampp\htdocs\fs2024\ci4_hoteles\system\Model.php(394): CodeIgniter\Database\BaseBuilder->insert()
#5 C:\xampp\htdocs\fs2024\ci4_hoteles\system\BaseModel.php(840): CodeIgniter\Model->doInsert(Array)
#6 C:\xampp\htdocs\fs2024\ci4_hoteles\system\Model.php(802): CodeIgniter\BaseModel->insert(Array, true)
#7 C:\xampp\htdocs\fs2024\ci4_hoteles\app\Controllers\ClientesController.php(36): CodeIgniter\Model->insert(Array)
#8 C:\xampp\htdocs\fs2024\ci4_hoteles\system\CodeIgniter.php(933): App\Controllers\ClientesController->agregarCliente()
#9 C:\xampp\htdocs\fs2024\ci4_hoteles\system\CodeIgniter.php(509): CodeIgniter\CodeIgniter->runController(Object(App\Controllers\ClientesController))
#10 C:\xampp\htdocs\fs2024\ci4_hoteles\system\CodeIgniter.php(355): CodeIgniter\CodeIgniter->handleRequest(NULL, Object(Config\Cache), false)
#11 C:\xampp\htdocs\fs2024\ci4_hoteles\system\Boot.php(325): CodeIgniter\CodeIgniter->run()
#12 C:\xampp\htdocs\fs2024\ci4_hoteles\system\Boot.php(67): CodeIgniter\Boot::runCodeIgniter(Object(CodeIgniter\CodeIgniter))
#13 C:\xampp\htdocs\fs2024\ci4_hoteles\public\index.php(56): CodeIgniter\Boot::bootWeb(Object(Config\Paths))
#14 {main}
CRITICAL - 2024-07-25 17:51:25 --> CodeIgniter\Database\Exceptions\DatabaseException: Duplicate entry 'ax@' for key 'correo_electronico'
[Method: POST, Route: agregar_cliente]
in SYSTEMPATH\Database\BaseConnection.php on line 688.
 1 SYSTEMPATH\Database\BaseBuilder.php(2332): CodeIgniter\Database\BaseConnection->query('INSERT INTO `clientes` (`cliente_id`, `nombre`, `apellido`, `nit`, `telefono`, `correo_electronico`, `direccion`, `contrasenia`) VALUES (:cliente_id:, :nombre:, :apellido:, :nit:, :telefono:, :correo_electronico:, :direccion:, :contrasenia:)', [...], false)
 2 SYSTEMPATH\Model.php(394): CodeIgniter\Database\BaseBuilder->insert()
 3 SYSTEMPATH\BaseModel.php(840): CodeIgniter\Model->doInsert([...])
 4 SYSTEMPATH\Model.php(802): CodeIgniter\BaseModel->insert([...], true)
 5 APPPATH\Controllers\ClientesController.php(36): CodeIgniter\Model->insert([...])
 6 SYSTEMPATH\CodeIgniter.php(933): App\Controllers\ClientesController->agregarCliente()
 7 SYSTEMPATH\CodeIgniter.php(509): CodeIgniter\CodeIgniter->runController(Object(App\Controllers\ClientesController))
 8 SYSTEMPATH\CodeIgniter.php(355): CodeIgniter\CodeIgniter->handleRequest(null, Object(Config\Cache), false)
 9 SYSTEMPATH\Boot.php(325): CodeIgniter\CodeIgniter->run()
10 SYSTEMPATH\Boot.php(67): CodeIgniter\Boot::runCodeIgniter(Object(CodeIgniter\CodeIgniter))
11 FCPATH\index.php(56): CodeIgniter\Boot::bootWeb(Object(Config\Paths))
CRITICAL - 2024-07-25 17:51:25 --> [Caused by] CodeIgniter\Database\Exceptions\DatabaseException: Duplicate entry 'ax@' for key 'correo_electronico'
in SYSTEMPATH\Database\MySQLi\Connection.php on line 317.
 1 SYSTEMPATH\Database\BaseConnection.php(734): CodeIgniter\Database\MySQLi\Connection->execute('INSERT INTO `clientes` (`cliente_id`, `nombre`, `apellido`, `nit`, `telefono`, `correo_electronico`, `direccion`, `contrasenia`) VALUES (\'789445\', \'a\', \'a\', \'a\', \'123\', \'ax@\', \'4ta\', \'5t\')')
 2 SYSTEMPATH\Database\BaseConnection.php(648): CodeIgniter\Database\BaseConnection->simpleQuery('INSERT INTO `clientes` (`cliente_id`, `nombre`, `apellido`, `nit`, `telefono`, `correo_electronico`, `direccion`, `contrasenia`) VALUES (\'789445\', \'a\', \'a\', \'a\', \'123\', \'ax@\', \'4ta\', \'5t\')')
 3 SYSTEMPATH\Database\BaseBuilder.php(2332): CodeIgniter\Database\BaseConnection->query('INSERT INTO `clientes` (`cliente_id`, `nombre`, `apellido`, `nit`, `telefono`, `correo_electronico`, `direccion`, `contrasenia`) VALUES (:cliente_id:, :nombre:, :apellido:, :nit:, :telefono:, :correo_electronico:, :direccion:, :contrasenia:)', [...], false)
 4 SYSTEMPATH\Model.php(394): CodeIgniter\Database\BaseBuilder->insert()
 5 SYSTEMPATH\BaseModel.php(840): CodeIgniter\Model->doInsert([...])
 6 SYSTEMPATH\Model.php(802): CodeIgniter\BaseModel->insert([...], true)
 7 APPPATH\Controllers\ClientesController.php(36): CodeIgniter\Model->insert([...])
 8 SYSTEMPATH\CodeIgniter.php(933): App\Controllers\ClientesController->agregarCliente()
 9 SYSTEMPATH\CodeIgniter.php(509): CodeIgniter\CodeIgniter->runController(Object(App\Controllers\ClientesController))
10 SYSTEMPATH\CodeIgniter.php(355): CodeIgniter\CodeIgniter->handleRequest(null, Object(Config\Cache), false)
11 SYSTEMPATH\Boot.php(325): CodeIgniter\CodeIgniter->run()
12 SYSTEMPATH\Boot.php(67): CodeIgniter\Boot::runCodeIgniter(Object(CodeIgniter\CodeIgniter))
13 FCPATH\index.php(56): CodeIgniter\Boot::bootWeb(Object(Config\Paths))
CRITICAL - 2024-07-25 17:51:25 --> [Caused by] mysqli_sql_exception: Duplicate entry 'ax@' for key 'correo_electronico'
in SYSTEMPATH\Database\MySQLi\Connection.php on line 312.
 1 SYSTEMPATH\Database\MySQLi\Connection.php(312): mysqli->query('INSERT INTO `clientes` (`cliente_id`, `nombre`, `apellido`, `nit`, `telefono`, `correo_electronico`, `direccion`, `contrasenia`) VALUES (\'789445\', \'a\', \'a\', \'a\', \'123\', \'ax@\', \'4ta\', \'5t\')', 0)
 2 SYSTEMPATH\Database\BaseConnection.php(734): CodeIgniter\Database\MySQLi\Connection->execute('INSERT INTO `clientes` (`cliente_id`, `nombre`, `apellido`, `nit`, `telefono`, `correo_electronico`, `direccion`, `contrasenia`) VALUES (\'789445\', \'a\', \'a\', \'a\', \'123\', \'ax@\', \'4ta\', \'5t\')')
 3 SYSTEMPATH\Database\BaseConnection.php(648): CodeIgniter\Database\BaseConnection->simpleQuery('INSERT INTO `clientes` (`cliente_id`, `nombre`, `apellido`, `nit`, `telefono`, `correo_electronico`, `direccion`, `contrasenia`) VALUES (\'789445\', \'a\', \'a\', \'a\', \'123\', \'ax@\', \'4ta\', \'5t\')')
 4 SYSTEMPATH\Database\BaseBuilder.php(2332): CodeIgniter\Database\BaseConnection->query('INSERT INTO `clientes` (`cliente_id`, `nombre`, `apellido`, `nit`, `telefono`, `correo_electronico`, `direccion`, `contrasenia`) VALUES (:cliente_id:, :nombre:, :apellido:, :nit:, :telefono:, :correo_electronico:, :direccion:, :contrasenia:)', [...], false)
 5 SYSTEMPATH\Model.php(394): CodeIgniter\Database\BaseBuilder->insert()
 6 SYSTEMPATH\BaseModel.php(840): CodeIgniter\Model->doInsert([...])
 7 SYSTEMPATH\Model.php(802): CodeIgniter\BaseModel->insert([...], true)
 8 APPPATH\Controllers\ClientesController.php(36): CodeIgniter\Model->insert([...])
 9 SYSTEMPATH\CodeIgniter.php(933): App\Controllers\ClientesController->agregarCliente()
10 SYSTEMPATH\CodeIgniter.php(509): CodeIgniter\CodeIgniter->runController(Object(App\Controllers\ClientesController))
11 SYSTEMPATH\CodeIgniter.php(355): CodeIgniter\CodeIgniter->handleRequest(null, Object(Config\Cache), false)
12 SYSTEMPATH\Boot.php(325): CodeIgniter\CodeIgniter->run()
13 SYSTEMPATH\Boot.php(67): CodeIgniter\Boot::runCodeIgniter(Object(CodeIgniter\CodeIgniter))
14 FCPATH\index.php(56): CodeIgniter\Boot::bootWeb(Object(Config\Paths))
